[2025-10-15 13:03:09] local.ERROR: could not find driver (Connection: sqlite, SQL: select * from "sessions" where "id" = 4JcZOcPPGTh4KXh7xWXcgKywqtIKFJk5sr1c3rt2 limit 1) {"exception":"[object] (Illuminate\\Database\\QueryException(code: 0): could not find driver (Connection: sqlite, SQL: select * from \"sessions\" where \"id\" = 4JcZOcPPGTh4KXh7xWXcgKywqtIKFJk5sr1c3rt2 limit 1) at E:\\Synerry-intern\\Synerry-test-shorten-url\\url-shortener\\vendor\\laravel\\framework\\src\\Illuminate\\Database\\Connection.php:824)
[stacktrace]
#0 E:\\Synerry-intern\\Synerry-test-shorten-url\\url-shortener\\vendor\\laravel\\framework\\src\\Illuminate\\Database\\Connection.php(778): Illuminate\\Database\\Connection->runQueryCallback()
#1 E:\\Synerry-intern\\Synerry-test-shorten-url\\url-shortener\\vendor\\laravel\\framework\\src\\Illuminate\\Database\\Connection.php(397): Illuminate\\Database\\Connection->run()
#2 E:\\Synerry-intern\\Synerry-test-shorten-url\\url-shortener\\vendor\\laravel\\framework\\src\\Illuminate\\Database\\Query\\Builder.php(3188): Illuminate\\Database\\Connection->select()
#3 E:\\Synerry-intern\\Synerry-test-shorten-url\\url-shortener\\vendor\\laravel\\framework\\src\\Illuminate\\Database\\Query\\Builder.php(3173): Illuminate\\Database\\Query\\Builder->runSelect()
#4 E:\\Synerry-intern\\Synerry-test-shorten-url\\url-shortener\\vendor\\laravel\\framework\\src\\Illuminate\\Database\\Query\\Builder.php(3763): Illuminate\\Database\\Query\\Builder->Illuminate\\Database\\Query\\{closure}()
#5 E:\\Synerry-intern\\Synerry-test-shorten-url\\url-shortener\\vendor\\laravel\\framework\\src\\Illuminate\\Database\\Query\\Builder.php(3172): Illuminate\\Database\\Query\\Builder->onceWithColumns()
#6 E:\\Synerry-intern\\Synerry-test-shorten-url\\url-shortener\\vendor\\laravel\\framework\\src\\Illuminate\\Database\\Concerns\\BuildsQueries.php(366): Illuminate\\Database\\Query\\Builder->get()
#7 E:\\Synerry-intern\\Synerry-test-shorten-url\\url-shortener\\vendor\\laravel\\framework\\src\\Illuminate\\Database\\Query\\Builder.php(3095): Illuminate\\Database\\Query\\Builder->first()
#8 E:\\Synerry-intern\\Synerry-test-shorten-url\\url-shortener\\vendor\\laravel\\framework\\src\\Illuminate\\Session\\DatabaseSessionHandler.php(96): Illuminate\\Database\\Query\\Builder->find()
#9 E:\\Synerry-intern\\Synerry-test-shorten-url\\url-shortener\\vendor\\laravel\\framework\\src\\Illuminate\\Session\\Store.php(117): Illuminate\\Session\\DatabaseSessionHandler->read()
#10 E:\\Synerry-intern\\Synerry-test-shorten-url\\url-shortener\\vendor\\laravel\\framework\\src\\Illuminate\\Session\\Store.php(105): Illuminate\\Session\\Store->readFromHandler()
#11 E:\\Synerry-intern\\Synerry-test-shorten-url\\url-shortener\\vendor\\laravel\\framework\\src\\Illuminate\\Session\\Store.php(89): Illuminate\\Session\\Store->loadSession()
#12 E:\\Synerry-intern\\Synerry-test-shorten-url\\url-shortener\\vendor\\laravel\\framework\\src\\Illuminate\\Session\\Middleware\\StartSession.php(146): Illuminate\\Session\\Store->start()
#13 E:\\Synerry-intern\\Synerry-test-shorten-url\\url-shortener\\vendor\\laravel\\framework\\src\\Illuminate\\Support\\helpers.php(390): Illuminate\\Session\\Middleware\\StartSession->Illuminate\\Session\\Middleware\\{closure}()
#14 E:\\Synerry-intern\\Synerry-test-shorten-url\\url-shortener\\vendor\\laravel\\framework\\src\\Illuminate\\Session\\Middleware\\StartSession.php(143): tap()
#15 E:\\Synerry-intern\\Synerry-test-shorten-url\\url-shortener\\vendor\\laravel\\framework\\src\\Illuminate\\Session\\Middleware\\StartSession.php(115): Illuminate\\Session\\Middleware\\StartSession->startSession()
#16 E:\\Synerry-intern\\Synerry-test-shorten-url\\url-shortener\\vendor\\laravel\\framework\\src\\Illuminate\\Session\\Middleware\\StartSession.php(63): Illuminate\\Session\\Middleware\\StartSession->handleStatefulRequest()
#17 E:\\Synerry-intern\\Synerry-test-shorten-url\\url-shortener\\vendor\\laravel\\framework\\src\\Illuminate\\Pipeline\\Pipeline.php(219): Illuminate\\Session\\Middleware\\StartSession->handle()
#18 E:\\Synerry-intern\\Synerry-test-shorten-url\\url-shortener\\vendor\\laravel\\framework\\src\\Illuminate\\Cookie\\Middleware\\AddQueuedCookiesToResponse.php(36): Illuminate\\Pipeline\\Pipeline->Illuminate\\Pipeline\\{closure}()
#19 E:\\Synerry-intern\\Synerry-test-shorten-url\\url-shortener\\vendor\\laravel\\framework\\src\\Illuminate\\Pipeline\\Pipeline.php(219): Illuminate\\Cookie\\Middleware\\AddQueuedCookiesToResponse->handle()
#20 E:\\Synerry-intern\\Synerry-test-shorten-url\\url-shortener\\vendor\\laravel\\framework\\src\\Illuminate\\Cookie\\Middleware\\EncryptCookies.php(74): Illuminate\\Pipeline\\Pipeline->Illuminate\\Pipeline\\{closure}()
#21 E:\\Synerry-intern\\Synerry-test-shorten-url\\url-shortener\\vendor\\laravel\\framework\\src\\Illuminate\\Pipeline\\Pipeline.php(219): Illuminate\\Cookie\\Middleware\\EncryptCookies->handle()
#22 E:\\Synerry-intern\\Synerry-test-shorten-url\\url-shortener\\vendor\\laravel\\framework\\src\\Illuminate\\Pipeline\\Pipeline.php(137): Illuminate\\Pipeline\\Pipeline->Illuminate\\Pipeline\\{closure}()
#23 E:\\Synerry-intern\\Synerry-test-shorten-url\\url-shortener\\vendor\\laravel\\framework\\src\\Illuminate\\Routing\\Router.php(821): Illuminate\\Pipeline\\Pipeline->then()
#24 E:\\Synerry-intern\\Synerry-test-shorten-url\\url-shortener\\vendor\\laravel\\framework\\src\\Illuminate\\Routing\\Router.php(800): Illuminate\\Routing\\Router->runRouteWithinStack()
#25 E:\\Synerry-intern\\Synerry-test-shorten-url\\url-shortener\\vendor\\laravel\\framework\\src\\Illuminate\\Routing\\Router.php(764): Illuminate\\Routing\\Router->runRoute()
#26 E:\\Synerry-intern\\Synerry-test-shorten-url\\url-shortener\\vendor\\laravel\\framework\\src\\Illuminate\\Routing\\Router.php(753): Illuminate\\Routing\\Router->dispatchToRoute()
#27 E:\\Synerry-intern\\Synerry-test-shorten-url\\url-shortener\\vendor\\laravel\\framework\\src\\Illuminate\\Foundation\\Http\\Kernel.php(200): Illuminate\\Routing\\Router->dispatch()
#28 E:\\Synerry-intern\\Synerry-test-shorten-url\\url-shortener\\vendor\\laravel\\framework\\src\\Illuminate\\Pipeline\\Pipeline.php(180): Illuminate\\Foundation\\Http\\Kernel->Illuminate\\Foundation\\Http\\{closure}()
#29 E:\\Synerry-intern\\Synerry-test-shorten-url\\url-shortener\\vendor\\laravel\\framework\\src\\Illuminate\\Foundation\\Http\\Middleware\\TransformsRequest.php(21): Illuminate\\Pipeline\\Pipeline->Illuminate\\Pipeline\\{closure}()
#30 E:\\Synerry-intern\\Synerry-test-shorten-url\\url-shortener\\vendor\\laravel\\framework\\src\\Illuminate\\Foundation\\Http\\Middleware\\ConvertEmptyStringsToNull.php(31): Illuminate\\Foundation\\Http\\Middleware\\TransformsRequest->handle()
#31 E:\\Synerry-intern\\Synerry-test-shorten-url\\url-shortener\\vendor\\laravel\\framework\\src\\Illuminate\\Pipeline\\Pipeline.php(219): Illuminate\\Foundation\\Http\\Middleware\\ConvertEmptyStringsToNull->handle()
#32 E:\\Synerry-intern\\Synerry-test-shorten-url\\url-shortener\\vendor\\laravel\\framework\\src\\Illuminate\\Foundation\\Http\\Middleware\\TransformsRequest.php(21): Illuminate\\Pipeline\\Pipeline->Illuminate\\Pipeline\\{closure}()
#33 E:\\Synerry-intern\\Synerry-test-shorten-url\\url-shortener\\vendor\\laravel\\framework\\src\\Illuminate\\Foundation\\Http\\Middleware\\TrimStrings.php(51): Illuminate\\Foundation\\Http\\Middleware\\TransformsRequest->handle()
#34 E:\\Synerry-intern\\Synerry-test-shorten-url\\url-shortener\\vendor\\laravel\\framework\\src\\Illuminate\\Pipeline\\Pipeline.php(219): Illuminate\\Foundation\\Http\\Middleware\\TrimStrings->handle()
#35 E:\\Synerry-intern\\Synerry-test-shorten-url\\url-shortener\\vendor\\laravel\\framework\\src\\Illuminate\\Http\\Middleware\\ValidatePostSize.php(27): Illuminate\\Pipeline\\Pipeline->Illuminate\\Pipeline\\{closure}()
#36 E:\\Synerry-intern\\Synerry-test-shorten-url\\url-shortener\\vendor\\laravel\\framework\\src\\Illuminate\\Pipeline\\Pipeline.php(219): Illuminate\\Http\\Middleware\\ValidatePostSize->handle()
#37 E:\\Synerry-intern\\Synerry-test-shorten-url\\url-shortener\\vendor\\laravel\\framework\\src\\Illuminate\\Foundation\\Http\\Middleware\\PreventRequestsDuringMaintenance.php(109): Illuminate\\Pipeline\\Pipeline->Illuminate\\Pipeline\\{closure}()
#38 E:\\Synerry-intern\\Synerry-test-shorten-url\\url-shortener\\vendor\\laravel\\framework\\src\\Illuminate\\Pipeline\\Pipeline.php(219): Illuminate\\Foundation\\Http\\Middleware\\PreventRequestsDuringMaintenance->handle()
#39 E:\\Synerry-intern\\Synerry-test-shorten-url\\url-shortener\\vendor\\laravel\\framework\\src\\Illuminate\\Http\\Middleware\\HandleCors.php(48): Illuminate\\Pipeline\\Pipeline->Illuminate\\Pipeline\\{closure}()
#40 E:\\Synerry-intern\\Synerry-test-shorten-url\\url-shortener\\vendor\\laravel\\framework\\src\\Illuminate\\Pipeline\\Pipeline.php(219): Illuminate\\Http\\Middleware\\HandleCors->handle()
#41 E:\\Synerry-intern\\Synerry-test-shorten-url\\url-shortener\\vendor\\laravel\\framework\\src\\Illuminate\\Http\\Middleware\\TrustProxies.php(58): Illuminate\\Pipeline\\Pipeline->Illuminate\\Pipeline\\{closure}()
#42 E:\\Synerry-intern\\Synerry-test-shorten-url\\url-shortener\\vendor\\laravel\\framework\\src\\Illuminate\\Pipeline\\Pipeline.php(219): Illuminate\\Http\\Middleware\\TrustProxies->handle()
#43 E:\\Synerry-intern\\Synerry-test-shorten-url\\url-shortener\\vendor\\laravel\\framework\\src\\Illuminate\\Foundation\\Http\\Middleware\\InvokeDeferredCallbacks.php(22): Illuminate\\Pipeline\\Pipeline->Illuminate\\Pipeline\\{closure}()
#44 E:\\Synerry-intern\\Synerry-test-shorten-url\\url-shortener\\vendor\\laravel\\framework\\src\\Illuminate\\Pipeline\\Pipeline.php(219): Illuminate\\Foundation\\Http\\Middleware\\InvokeDeferredCallbacks->handle()
#45 E:\\Synerry-intern\\Synerry-test-shorten-url\\url-shortener\\vendor\\laravel\\framework\\src\\Illuminate\\Http\\Middleware\\ValidatePathEncoding.php(26): Illuminate\\Pipeline\\Pipeline->Illuminate\\Pipeline\\{closure}()
#46 E:\\Synerry-intern\\Synerry-test-shorten-url\\url-shortener\\vendor\\laravel\\framework\\src\\Illuminate\\Pipeline\\Pipeline.php(219): Illuminate\\Http\\Middleware\\ValidatePathEncoding->handle()
#47 E:\\Synerry-intern\\Synerry-test-shorten-url\\url-shortener\\vendor\\laravel\\framework\\src\\Illuminate\\Pipeline\\Pipeline.php(137): Illuminate\\Pipeline\\Pipeline->Illuminate\\Pipeline\\{closure}()
#48 E:\\Synerry-intern\\Synerry-test-shorten-url\\url-shortener\\vendor\\laravel\\framework\\src\\Illuminate\\Foundation\\Http\\Kernel.php(175): Illuminate\\Pipeline\\Pipeline->then()
#49 E:\\Synerry-intern\\Synerry-test-shorten-url\\url-shortener\\vendor\\laravel\\framework\\src\\Illuminate\\Foundation\\Http\\Kernel.php(144): Illuminate\\Foundation\\Http\\Kernel->sendRequestThroughRouter()
#50 E:\\Synerry-intern\\Synerry-test-shorten-url\\url-shortener\\vendor\\laravel\\framework\\src\\Illuminate\\Foundation\\Application.php(1220): Illuminate\\Foundation\\Http\\Kernel->handle()
#51 E:\\Synerry-intern\\Synerry-test-shorten-url\\url-shortener\\public\\index.php(20): Illuminate\\Foundation\\Application->handleRequest()
#52 E:\\Synerry-intern\\Synerry-test-shorten-url\\url-shortener\\vendor\\laravel\\framework\\src\\Illuminate\\Foundation\\resources\\server.php(23): require_once('...')
#53 {main}

[previous exception] [object] (PDOException(code: 0): could not find driver at E:\\Synerry-intern\\Synerry-test-shorten-url\\url-shortener\\vendor\\laravel\\framework\\src\\Illuminate\\Database\\Connectors\\Connector.php:66)
[stacktrace]
#0 E:\\Synerry-intern\\Synerry-test-shorten-url\\url-shortener\\vendor\\laravel\\framework\\src\\Illuminate\\Database\\Connectors\\Connector.php(66): PDO->__construct()
#1 E:\\Synerry-intern\\Synerry-test-shorten-url\\url-shortener\\vendor\\laravel\\framework\\src\\Illuminate\\Database\\Connectors\\Connector.php(44): Illuminate\\Database\\Connectors\\Connector->createPdoConnection()
#2 E:\\Synerry-intern\\Synerry-test-shorten-url\\url-shortener\\vendor\\laravel\\framework\\src\\Illuminate\\Database\\Connectors\\SQLiteConnector.php(21): Illuminate\\Database\\Connectors\\Connector->createConnection()
#3 E:\\Synerry-intern\\Synerry-test-shorten-url\\url-shortener\\vendor\\laravel\\framework\\src\\Illuminate\\Database\\Connectors\\ConnectionFactory.php(223): Illuminate\\Database\\Connectors\\SQLiteConnector->connect()
#4 [internal function]: Illuminate\\Database\\Connectors\\ConnectionFactory->Illuminate\\Database\\Connectors\\{closure}()
#5 E:\\Synerry-intern\\Synerry-test-shorten-url\\url-shortener\\vendor\\laravel\\framework\\src\\Illuminate\\Database\\Connection.php(1230): call_user_func()
#6 E:\\Synerry-intern\\Synerry-test-shorten-url\\url-shortener\\vendor\\laravel\\framework\\src\\Illuminate\\Database\\Connection.php(511): Illuminate\\Database\\Connection->getPdo()
#7 E:\\Synerry-intern\\Synerry-test-shorten-url\\url-shortener\\vendor\\laravel\\framework\\src\\Illuminate\\Database\\Connection.php(406): Illuminate\\Database\\Connection->getPdoForSelect()
#8 E:\\Synerry-intern\\Synerry-test-shorten-url\\url-shortener\\vendor\\laravel\\framework\\src\\Illuminate\\Database\\Connection.php(811): Illuminate\\Database\\Connection->Illuminate\\Database\\{closure}()
#9 E:\\Synerry-intern\\Synerry-test-shorten-url\\url-shortener\\vendor\\laravel\\framework\\src\\Illuminate\\Database\\Connection.php(778): Illuminate\\Database\\Connection->runQueryCallback()
#10 E:\\Synerry-intern\\Synerry-test-shorten-url\\url-shortener\\vendor\\laravel\\framework\\src\\Illuminate\\Database\\Connection.php(397): Illuminate\\Database\\Connection->run()
#11 E:\\Synerry-intern\\Synerry-test-shorten-url\\url-shortener\\vendor\\laravel\\framework\\src\\Illuminate\\Database\\Query\\Builder.php(3188): Illuminate\\Database\\Connection->select()
#12 E:\\Synerry-intern\\Synerry-test-shorten-url\\url-shortener\\vendor\\laravel\\framework\\src\\Illuminate\\Database\\Query\\Builder.php(3173): Illuminate\\Database\\Query\\Builder->runSelect()
#13 E:\\Synerry-intern\\Synerry-test-shorten-url\\url-shortener\\vendor\\laravel\\framework\\src\\Illuminate\\Database\\Query\\Builder.php(3763): Illuminate\\Database\\Query\\Builder->Illuminate\\Database\\Query\\{closure}()
#14 E:\\Synerry-intern\\Synerry-test-shorten-url\\url-shortener\\vendor\\laravel\\framework\\src\\Illuminate\\Database\\Query\\Builder.php(3172): Illuminate\\Database\\Query\\Builder->onceWithColumns()
#15 E:\\Synerry-intern\\Synerry-test-shorten-url\\url-shortener\\vendor\\laravel\\framework\\src\\Illuminate\\Database\\Concerns\\BuildsQueries.php(366): Illuminate\\Database\\Query\\Builder->get()
#16 E:\\Synerry-intern\\Synerry-test-shorten-url\\url-shortener\\vendor\\laravel\\framework\\src\\Illuminate\\Database\\Query\\Builder.php(3095): Illuminate\\Database\\Query\\Builder->first()
#17 E:\\Synerry-intern\\Synerry-test-shorten-url\\url-shortener\\vendor\\laravel\\framework\\src\\Illuminate\\Session\\DatabaseSessionHandler.php(96): Illuminate\\Database\\Query\\Builder->find()
#18 E:\\Synerry-intern\\Synerry-test-shorten-url\\url-shortener\\vendor\\laravel\\framework\\src\\Illuminate\\Session\\Store.php(117): Illuminate\\Session\\DatabaseSessionHandler->read()
#19 E:\\Synerry-intern\\Synerry-test-shorten-url\\url-shortener\\vendor\\laravel\\framework\\src\\Illuminate\\Session\\Store.php(105): Illuminate\\Session\\Store->readFromHandler()
#20 E:\\Synerry-intern\\Synerry-test-shorten-url\\url-shortener\\vendor\\laravel\\framework\\src\\Illuminate\\Session\\Store.php(89): Illuminate\\Session\\Store->loadSession()
#21 E:\\Synerry-intern\\Synerry-test-shorten-url\\url-shortener\\vendor\\laravel\\framework\\src\\Illuminate\\Session\\Middleware\\StartSession.php(146): Illuminate\\Session\\Store->start()
#22 E:\\Synerry-intern\\Synerry-test-shorten-url\\url-shortener\\vendor\\laravel\\framework\\src\\Illuminate\\Support\\helpers.php(390): Illuminate\\Session\\Middleware\\StartSession->Illuminate\\Session\\Middleware\\{closure}()
#23 E:\\Synerry-intern\\Synerry-test-shorten-url\\url-shortener\\vendor\\laravel\\framework\\src\\Illuminate\\Session\\Middleware\\StartSession.php(143): tap()
#24 E:\\Synerry-intern\\Synerry-test-shorten-url\\url-shortener\\vendor\\laravel\\framework\\src\\Illuminate\\Session\\Middleware\\StartSession.php(115): Illuminate\\Session\\Middleware\\StartSession->startSession()
#25 E:\\Synerry-intern\\Synerry-test-shorten-url\\url-shortener\\vendor\\laravel\\framework\\src\\Illuminate\\Session\\Middleware\\StartSession.php(63): Illuminate\\Session\\Middleware\\StartSession->handleStatefulRequest()
#26 E:\\Synerry-intern\\Synerry-test-shorten-url\\url-shortener\\vendor\\laravel\\framework\\src\\Illuminate\\Pipeline\\Pipeline.php(219): Illuminate\\Session\\Middleware\\StartSession->handle()
#27 E:\\Synerry-intern\\Synerry-test-shorten-url\\url-shortener\\vendor\\laravel\\framework\\src\\Illuminate\\Cookie\\Middleware\\AddQueuedCookiesToResponse.php(36): Illuminate\\Pipeline\\Pipeline->Illuminate\\Pipeline\\{closure}()
#28 E:\\Synerry-intern\\Synerry-test-shorten-url\\url-shortener\\vendor\\laravel\\framework\\src\\Illuminate\\Pipeline\\Pipeline.php(219): Illuminate\\Cookie\\Middleware\\AddQueuedCookiesToResponse->handle()
#29 E:\\Synerry-intern\\Synerry-test-shorten-url\\url-shortener\\vendor\\laravel\\framework\\src\\Illuminate\\Cookie\\Middleware\\EncryptCookies.php(74): Illuminate\\Pipeline\\Pipeline->Illuminate\\Pipeline\\{closure}()
#30 E:\\Synerry-intern\\Synerry-test-shorten-url\\url-shortener\\vendor\\laravel\\framework\\src\\Illuminate\\Pipeline\\Pipeline.php(219): Illuminate\\Cookie\\Middleware\\EncryptCookies->handle()
#31 E:\\Synerry-intern\\Synerry-test-shorten-url\\url-shortener\\vendor\\laravel\\framework\\src\\Illuminate\\Pipeline\\Pipeline.php(137): Illuminate\\Pipeline\\Pipeline->Illuminate\\Pipeline\\{closure}()
#32 E:\\Synerry-intern\\Synerry-test-shorten-url\\url-shortener\\vendor\\laravel\\framework\\src\\Illuminate\\Routing\\Router.php(821): Illuminate\\Pipeline\\Pipeline->then()
#33 E:\\Synerry-intern\\Synerry-test-shorten-url\\url-shortener\\vendor\\laravel\\framework\\src\\Illuminate\\Routing\\Router.php(800): Illuminate\\Routing\\Router->runRouteWithinStack()
#34 E:\\Synerry-intern\\Synerry-test-shorten-url\\url-shortener\\vendor\\laravel\\framework\\src\\Illuminate\\Routing\\Router.php(764): Illuminate\\Routing\\Router->runRoute()
#35 E:\\Synerry-intern\\Synerry-test-shorten-url\\url-shortener\\vendor\\laravel\\framework\\src\\Illuminate\\Routing\\Router.php(753): Illuminate\\Routing\\Router->dispatchToRoute()
#36 E:\\Synerry-intern\\Synerry-test-shorten-url\\url-shortener\\vendor\\laravel\\framework\\src\\Illuminate\\Foundation\\Http\\Kernel.php(200): Illuminate\\Routing\\Router->dispatch()
#37 E:\\Synerry-intern\\Synerry-test-shorten-url\\url-shortener\\vendor\\laravel\\framework\\src\\Illuminate\\Pipeline\\Pipeline.php(180): Illuminate\\Foundation\\Http\\Kernel->Illuminate\\Foundation\\Http\\{closure}()
#38 E:\\Synerry-intern\\Synerry-test-shorten-url\\url-shortener\\vendor\\laravel\\framework\\src\\Illuminate\\Foundation\\Http\\Middleware\\TransformsRequest.php(21): Illuminate\\Pipeline\\Pipeline->Illuminate\\Pipeline\\{closure}()
#39 E:\\Synerry-intern\\Synerry-test-shorten-url\\url-shortener\\vendor\\laravel\\framework\\src\\Illuminate\\Foundation\\Http\\Middleware\\ConvertEmptyStringsToNull.php(31): Illuminate\\Foundation\\Http\\Middleware\\TransformsRequest->handle()
#40 E:\\Synerry-intern\\Synerry-test-shorten-url\\url-shortener\\vendor\\laravel\\framework\\src\\Illuminate\\Pipeline\\Pipeline.php(219): Illuminate\\Foundation\\Http\\Middleware\\ConvertEmptyStringsToNull->handle()
#41 E:\\Synerry-intern\\Synerry-test-shorten-url\\url-shortener\\vendor\\laravel\\framework\\src\\Illuminate\\Foundation\\Http\\Middleware\\TransformsRequest.php(21): Illuminate\\Pipeline\\Pipeline->Illuminate\\Pipeline\\{closure}()
#42 E:\\Synerry-intern\\Synerry-test-shorten-url\\url-shortener\\vendor\\laravel\\framework\\src\\Illuminate\\Foundation\\Http\\Middleware\\TrimStrings.php(51): Illuminate\\Foundation\\Http\\Middleware\\TransformsRequest->handle()
#43 E:\\Synerry-intern\\Synerry-test-shorten-url\\url-shortener\\vendor\\laravel\\framework\\src\\Illuminate\\Pipeline\\Pipeline.php(219): Illuminate\\Foundation\\Http\\Middleware\\TrimStrings->handle()
#44 E:\\Synerry-intern\\Synerry-test-shorten-url\\url-shortener\\vendor\\laravel\\framework\\src\\Illuminate\\Http\\Middleware\\ValidatePostSize.php(27): Illuminate\\Pipeline\\Pipeline->Illuminate\\Pipeline\\{closure}()
#45 E:\\Synerry-intern\\Synerry-test-shorten-url\\url-shortener\\vendor\\laravel\\framework\\src\\Illuminate\\Pipeline\\Pipeline.php(219): Illuminate\\Http\\Middleware\\ValidatePostSize->handle()
#46 E:\\Synerry-intern\\Synerry-test-shorten-url\\url-shortener\\vendor\\laravel\\framework\\src\\Illuminate\\Foundation\\Http\\Middleware\\PreventRequestsDuringMaintenance.php(109): Illuminate\\Pipeline\\Pipeline->Illuminate\\Pipeline\\{closure}()
#47 E:\\Synerry-intern\\Synerry-test-shorten-url\\url-shortener\\vendor\\laravel\\framework\\src\\Illuminate\\Pipeline\\Pipeline.php(219): Illuminate\\Foundation\\Http\\Middleware\\PreventRequestsDuringMaintenance->handle()
#48 E:\\Synerry-intern\\Synerry-test-shorten-url\\url-shortener\\vendor\\laravel\\framework\\src\\Illuminate\\Http\\Middleware\\HandleCors.php(48): Illuminate\\Pipeline\\Pipeline->Illuminate\\Pipeline\\{closure}()
#49 E:\\Synerry-intern\\Synerry-test-shorten-url\\url-shortener\\vendor\\laravel\\framework\\src\\Illuminate\\Pipeline\\Pipeline.php(219): Illuminate\\Http\\Middleware\\HandleCors->handle()
#50 E:\\Synerry-intern\\Synerry-test-shorten-url\\url-shortener\\vendor\\laravel\\framework\\src\\Illuminate\\Http\\Middleware\\TrustProxies.php(58): Illuminate\\Pipeline\\Pipeline->Illuminate\\Pipeline\\{closure}()
#51 E:\\Synerry-intern\\Synerry-test-shorten-url\\url-shortener\\vendor\\laravel\\framework\\src\\Illuminate\\Pipeline\\Pipeline.php(219): Illuminate\\Http\\Middleware\\TrustProxies->handle()
#52 E:\\Synerry-intern\\Synerry-test-shorten-url\\url-shortener\\vendor\\laravel\\framework\\src\\Illuminate\\Foundation\\Http\\Middleware\\InvokeDeferredCallbacks.php(22): Illuminate\\Pipeline\\Pipeline->Illuminate\\Pipeline\\{closure}()
#53 E:\\Synerry-intern\\Synerry-test-shorten-url\\url-shortener\\vendor\\laravel\\framework\\src\\Illuminate\\Pipeline\\Pipeline.php(219): Illuminate\\Foundation\\Http\\Middleware\\InvokeDeferredCallbacks->handle()
#54 E:\\Synerry-intern\\Synerry-test-shorten-url\\url-shortener\\vendor\\laravel\\framework\\src\\Illuminate\\Http\\Middleware\\ValidatePathEncoding.php(26): Illuminate\\Pipeline\\Pipeline->Illuminate\\Pipeline\\{closure}()
#55 E:\\Synerry-intern\\Synerry-test-shorten-url\\url-shortener\\vendor\\laravel\\framework\\src\\Illuminate\\Pipeline\\Pipeline.php(219): Illuminate\\Http\\Middleware\\ValidatePathEncoding->handle()
#56 E:\\Synerry-intern\\Synerry-test-shorten-url\\url-shortener\\vendor\\laravel\\framework\\src\\Illuminate\\Pipeline\\Pipeline.php(137): Illuminate\\Pipeline\\Pipeline->Illuminate\\Pipeline\\{closure}()
#57 E:\\Synerry-intern\\Synerry-test-shorten-url\\url-shortener\\vendor\\laravel\\framework\\src\\Illuminate\\Foundation\\Http\\Kernel.php(175): Illuminate\\Pipeline\\Pipeline->then()
#58 E:\\Synerry-intern\\Synerry-test-shorten-url\\url-shortener\\vendor\\laravel\\framework\\src\\Illuminate\\Foundation\\Http\\Kernel.php(144): Illuminate\\Foundation\\Http\\Kernel->sendRequestThroughRouter()
#59 E:\\Synerry-intern\\Synerry-test-shorten-url\\url-shortener\\vendor\\laravel\\framework\\src\\Illuminate\\Foundation\\Application.php(1220): Illuminate\\Foundation\\Http\\Kernel->handle()
#60 E:\\Synerry-intern\\Synerry-test-shorten-url\\url-shortener\\public\\index.php(20): Illuminate\\Foundation\\Application->handleRequest()
#61 E:\\Synerry-intern\\Synerry-test-shorten-url\\url-shortener\\vendor\\laravel\\framework\\src\\Illuminate\\Foundation\\resources\\server.php(23): require_once('...')
#62 {main}
"} 
[2025-10-15 13:03:15] local.ERROR: could not find driver (Connection: sqlite, SQL: select * from "sessions" where "id" = bUnphB9LZrxKIl7o4fztmpxgQqYVccdpqrWxuW7d limit 1) {"exception":"[object] (Illuminate\\Database\\QueryException(code: 0): could not find driver (Connection: sqlite, SQL: select * from \"sessions\" where \"id\" = bUnphB9LZrxKIl7o4fztmpxgQqYVccdpqrWxuW7d limit 1) at E:\\Synerry-intern\\Synerry-test-shorten-url\\url-shortener\\vendor\\laravel\\framework\\src\\Illuminate\\Database\\Connection.php:824)
[stacktrace]
#0 E:\\Synerry-intern\\Synerry-test-shorten-url\\url-shortener\\vendor\\laravel\\framework\\src\\Illuminate\\Database\\Connection.php(778): Illuminate\\Database\\Connection->runQueryCallback()
#1 E:\\Synerry-intern\\Synerry-test-shorten-url\\url-shortener\\vendor\\laravel\\framework\\src\\Illuminate\\Database\\Connection.php(397): Illuminate\\Database\\Connection->run()
#2 E:\\Synerry-intern\\Synerry-test-shorten-url\\url-shortener\\vendor\\laravel\\framework\\src\\Illuminate\\Database\\Query\\Builder.php(3188): Illuminate\\Database\\Connection->select()
#3 E:\\Synerry-intern\\Synerry-test-shorten-url\\url-shortener\\vendor\\laravel\\framework\\src\\Illuminate\\Database\\Query\\Builder.php(3173): Illuminate\\Database\\Query\\Builder->runSelect()
#4 E:\\Synerry-intern\\Synerry-test-shorten-url\\url-shortener\\vendor\\laravel\\framework\\src\\Illuminate\\Database\\Query\\Builder.php(3763): Illuminate\\Database\\Query\\Builder->Illuminate\\Database\\Query\\{closure}()
#5 E:\\Synerry-intern\\Synerry-test-shorten-url\\url-shortener\\vendor\\laravel\\framework\\src\\Illuminate\\Database\\Query\\Builder.php(3172): Illuminate\\Database\\Query\\Builder->onceWithColumns()
#6 E:\\Synerry-intern\\Synerry-test-shorten-url\\url-shortener\\vendor\\laravel\\framework\\src\\Illuminate\\Database\\Concerns\\BuildsQueries.php(366): Illuminate\\Database\\Query\\Builder->get()
#7 E:\\Synerry-intern\\Synerry-test-shorten-url\\url-shortener\\vendor\\laravel\\framework\\src\\Illuminate\\Database\\Query\\Builder.php(3095): Illuminate\\Database\\Query\\Builder->first()
#8 E:\\Synerry-intern\\Synerry-test-shorten-url\\url-shortener\\vendor\\laravel\\framework\\src\\Illuminate\\Session\\DatabaseSessionHandler.php(96): Illuminate\\Database\\Query\\Builder->find()
#9 E:\\Synerry-intern\\Synerry-test-shorten-url\\url-shortener\\vendor\\laravel\\framework\\src\\Illuminate\\Session\\Store.php(117): Illuminate\\Session\\DatabaseSessionHandler->read()
#10 E:\\Synerry-intern\\Synerry-test-shorten-url\\url-shortener\\vendor\\laravel\\framework\\src\\Illuminate\\Session\\Store.php(105): Illuminate\\Session\\Store->readFromHandler()
#11 E:\\Synerry-intern\\Synerry-test-shorten-url\\url-shortener\\vendor\\laravel\\framework\\src\\Illuminate\\Session\\Store.php(89): Illuminate\\Session\\Store->loadSession()
#12 E:\\Synerry-intern\\Synerry-test-shorten-url\\url-shortener\\vendor\\laravel\\framework\\src\\Illuminate\\Session\\Middleware\\StartSession.php(146): Illuminate\\Session\\Store->start()
#13 E:\\Synerry-intern\\Synerry-test-shorten-url\\url-shortener\\vendor\\laravel\\framework\\src\\Illuminate\\Support\\helpers.php(390): Illuminate\\Session\\Middleware\\StartSession->Illuminate\\Session\\Middleware\\{closure}()
#14 E:\\Synerry-intern\\Synerry-test-shorten-url\\url-shortener\\vendor\\laravel\\framework\\src\\Illuminate\\Session\\Middleware\\StartSession.php(143): tap()
#15 E:\\Synerry-intern\\Synerry-test-shorten-url\\url-shortener\\vendor\\laravel\\framework\\src\\Illuminate\\Session\\Middleware\\StartSession.php(115): Illuminate\\Session\\Middleware\\StartSession->startSession()
#16 E:\\Synerry-intern\\Synerry-test-shorten-url\\url-shortener\\vendor\\laravel\\framework\\src\\Illuminate\\Session\\Middleware\\StartSession.php(63): Illuminate\\Session\\Middleware\\StartSession->handleStatefulRequest()
#17 E:\\Synerry-intern\\Synerry-test-shorten-url\\url-shortener\\vendor\\laravel\\framework\\src\\Illuminate\\Pipeline\\Pipeline.php(219): Illuminate\\Session\\Middleware\\StartSession->handle()
#18 E:\\Synerry-intern\\Synerry-test-shorten-url\\url-shortener\\vendor\\laravel\\framework\\src\\Illuminate\\Cookie\\Middleware\\AddQueuedCookiesToResponse.php(36): Illuminate\\Pipeline\\Pipeline->Illuminate\\Pipeline\\{closure}()
#19 E:\\Synerry-intern\\Synerry-test-shorten-url\\url-shortener\\vendor\\laravel\\framework\\src\\Illuminate\\Pipeline\\Pipeline.php(219): Illuminate\\Cookie\\Middleware\\AddQueuedCookiesToResponse->handle()
#20 E:\\Synerry-intern\\Synerry-test-shorten-url\\url-shortener\\vendor\\laravel\\framework\\src\\Illuminate\\Cookie\\Middleware\\EncryptCookies.php(74): Illuminate\\Pipeline\\Pipeline->Illuminate\\Pipeline\\{closure}()
#21 E:\\Synerry-intern\\Synerry-test-shorten-url\\url-shortener\\vendor\\laravel\\framework\\src\\Illuminate\\Pipeline\\Pipeline.php(219): Illuminate\\Cookie\\Middleware\\EncryptCookies->handle()
#22 E:\\Synerry-intern\\Synerry-test-shorten-url\\url-shortener\\vendor\\laravel\\framework\\src\\Illuminate\\Pipeline\\Pipeline.php(137): Illuminate\\Pipeline\\Pipeline->Illuminate\\Pipeline\\{closure}()
#23 E:\\Synerry-intern\\Synerry-test-shorten-url\\url-shortener\\vendor\\laravel\\framework\\src\\Illuminate\\Routing\\Router.php(821): Illuminate\\Pipeline\\Pipeline->then()
#24 E:\\Synerry-intern\\Synerry-test-shorten-url\\url-shortener\\vendor\\laravel\\framework\\src\\Illuminate\\Routing\\Router.php(800): Illuminate\\Routing\\Router->runRouteWithinStack()
#25 E:\\Synerry-intern\\Synerry-test-shorten-url\\url-shortener\\vendor\\laravel\\framework\\src\\Illuminate\\Routing\\Router.php(764): Illuminate\\Routing\\Router->runRoute()
#26 E:\\Synerry-intern\\Synerry-test-shorten-url\\url-shortener\\vendor\\laravel\\framework\\src\\Illuminate\\Routing\\Router.php(753): Illuminate\\Routing\\Router->dispatchToRoute()
#27 E:\\Synerry-intern\\Synerry-test-shorten-url\\url-shortener\\vendor\\laravel\\framework\\src\\Illuminate\\Foundation\\Http\\Kernel.php(200): Illuminate\\Routing\\Router->dispatch()
#28 E:\\Synerry-intern\\Synerry-test-shorten-url\\url-shortener\\vendor\\laravel\\framework\\src\\Illuminate\\Pipeline\\Pipeline.php(180): Illuminate\\Foundation\\Http\\Kernel->Illuminate\\Foundation\\Http\\{closure}()
#29 E:\\Synerry-intern\\Synerry-test-shorten-url\\url-shortener\\vendor\\laravel\\framework\\src\\Illuminate\\Foundation\\Http\\Middleware\\TransformsRequest.php(21): Illuminate\\Pipeline\\Pipeline->Illuminate\\Pipeline\\{closure}()
#30 E:\\Synerry-intern\\Synerry-test-shorten-url\\url-shortener\\vendor\\laravel\\framework\\src\\Illuminate\\Foundation\\Http\\Middleware\\ConvertEmptyStringsToNull.php(31): Illuminate\\Foundation\\Http\\Middleware\\TransformsRequest->handle()
#31 E:\\Synerry-intern\\Synerry-test-shorten-url\\url-shortener\\vendor\\laravel\\framework\\src\\Illuminate\\Pipeline\\Pipeline.php(219): Illuminate\\Foundation\\Http\\Middleware\\ConvertEmptyStringsToNull->handle()
#32 E:\\Synerry-intern\\Synerry-test-shorten-url\\url-shortener\\vendor\\laravel\\framework\\src\\Illuminate\\Foundation\\Http\\Middleware\\TransformsRequest.php(21): Illuminate\\Pipeline\\Pipeline->Illuminate\\Pipeline\\{closure}()
#33 E:\\Synerry-intern\\Synerry-test-shorten-url\\url-shortener\\vendor\\laravel\\framework\\src\\Illuminate\\Foundation\\Http\\Middleware\\TrimStrings.php(51): Illuminate\\Foundation\\Http\\Middleware\\TransformsRequest->handle()
#34 E:\\Synerry-intern\\Synerry-test-shorten-url\\url-shortener\\vendor\\laravel\\framework\\src\\Illuminate\\Pipeline\\Pipeline.php(219): Illuminate\\Foundation\\Http\\Middleware\\TrimStrings->handle()
#35 E:\\Synerry-intern\\Synerry-test-shorten-url\\url-shortener\\vendor\\laravel\\framework\\src\\Illuminate\\Http\\Middleware\\ValidatePostSize.php(27): Illuminate\\Pipeline\\Pipeline->Illuminate\\Pipeline\\{closure}()
#36 E:\\Synerry-intern\\Synerry-test-shorten-url\\url-shortener\\vendor\\laravel\\framework\\src\\Illuminate\\Pipeline\\Pipeline.php(219): Illuminate\\Http\\Middleware\\ValidatePostSize->handle()
#37 E:\\Synerry-intern\\Synerry-test-shorten-url\\url-shortener\\vendor\\laravel\\framework\\src\\Illuminate\\Foundation\\Http\\Middleware\\PreventRequestsDuringMaintenance.php(109): Illuminate\\Pipeline\\Pipeline->Illuminate\\Pipeline\\{closure}()
#38 E:\\Synerry-intern\\Synerry-test-shorten-url\\url-shortener\\vendor\\laravel\\framework\\src\\Illuminate\\Pipeline\\Pipeline.php(219): Illuminate\\Foundation\\Http\\Middleware\\PreventRequestsDuringMaintenance->handle()
#39 E:\\Synerry-intern\\Synerry-test-shorten-url\\url-shortener\\vendor\\laravel\\framework\\src\\Illuminate\\Http\\Middleware\\HandleCors.php(48): Illuminate\\Pipeline\\Pipeline->Illuminate\\Pipeline\\{closure}()
#40 E:\\Synerry-intern\\Synerry-test-shorten-url\\url-shortener\\vendor\\laravel\\framework\\src\\Illuminate\\Pipeline\\Pipeline.php(219): Illuminate\\Http\\Middleware\\HandleCors->handle()
#41 E:\\Synerry-intern\\Synerry-test-shorten-url\\url-shortener\\vendor\\laravel\\framework\\src\\Illuminate\\Http\\Middleware\\TrustProxies.php(58): Illuminate\\Pipeline\\Pipeline->Illuminate\\Pipeline\\{closure}()
#42 E:\\Synerry-intern\\Synerry-test-shorten-url\\url-shortener\\vendor\\laravel\\framework\\src\\Illuminate\\Pipeline\\Pipeline.php(219): Illuminate\\Http\\Middleware\\TrustProxies->handle()
#43 E:\\Synerry-intern\\Synerry-test-shorten-url\\url-shortener\\vendor\\laravel\\framework\\src\\Illuminate\\Foundation\\Http\\Middleware\\InvokeDeferredCallbacks.php(22): Illuminate\\Pipeline\\Pipeline->Illuminate\\Pipeline\\{closure}()
#44 E:\\Synerry-intern\\Synerry-test-shorten-url\\url-shortener\\vendor\\laravel\\framework\\src\\Illuminate\\Pipeline\\Pipeline.php(219): Illuminate\\Foundation\\Http\\Middleware\\InvokeDeferredCallbacks->handle()
#45 E:\\Synerry-intern\\Synerry-test-shorten-url\\url-shortener\\vendor\\laravel\\framework\\src\\Illuminate\\Http\\Middleware\\ValidatePathEncoding.php(26): Illuminate\\Pipeline\\Pipeline->Illuminate\\Pipeline\\{closure}()
#46 E:\\Synerry-intern\\Synerry-test-shorten-url\\url-shortener\\vendor\\laravel\\framework\\src\\Illuminate\\Pipeline\\Pipeline.php(219): Illuminate\\Http\\Middleware\\ValidatePathEncoding->handle()
#47 E:\\Synerry-intern\\Synerry-test-shorten-url\\url-shortener\\vendor\\laravel\\framework\\src\\Illuminate\\Pipeline\\Pipeline.php(137): Illuminate\\Pipeline\\Pipeline->Illuminate\\Pipeline\\{closure}()
#48 E:\\Synerry-intern\\Synerry-test-shorten-url\\url-shortener\\vendor\\laravel\\framework\\src\\Illuminate\\Foundation\\Http\\Kernel.php(175): Illuminate\\Pipeline\\Pipeline->then()
#49 E:\\Synerry-intern\\Synerry-test-shorten-url\\url-shortener\\vendor\\laravel\\framework\\src\\Illuminate\\Foundation\\Http\\Kernel.php(144): Illuminate\\Foundation\\Http\\Kernel->sendRequestThroughRouter()
#50 E:\\Synerry-intern\\Synerry-test-shorten-url\\url-shortener\\vendor\\laravel\\framework\\src\\Illuminate\\Foundation\\Application.php(1220): Illuminate\\Foundation\\Http\\Kernel->handle()
#51 E:\\Synerry-intern\\Synerry-test-shorten-url\\url-shortener\\public\\index.php(20): Illuminate\\Foundation\\Application->handleRequest()
#52 E:\\Synerry-intern\\Synerry-test-shorten-url\\url-shortener\\vendor\\laravel\\framework\\src\\Illuminate\\Foundation\\resources\\server.php(23): require_once('...')
#53 {main}

[previous exception] [object] (PDOException(code: 0): could not find driver at E:\\Synerry-intern\\Synerry-test-shorten-url\\url-shortener\\vendor\\laravel\\framework\\src\\Illuminate\\Database\\Connectors\\Connector.php:66)
[stacktrace]
#0 E:\\Synerry-intern\\Synerry-test-shorten-url\\url-shortener\\vendor\\laravel\\framework\\src\\Illuminate\\Database\\Connectors\\Connector.php(66): PDO->__construct()
#1 E:\\Synerry-intern\\Synerry-test-shorten-url\\url-shortener\\vendor\\laravel\\framework\\src\\Illuminate\\Database\\Connectors\\Connector.php(44): Illuminate\\Database\\Connectors\\Connector->createPdoConnection()
#2 E:\\Synerry-intern\\Synerry-test-shorten-url\\url-shortener\\vendor\\laravel\\framework\\src\\Illuminate\\Database\\Connectors\\SQLiteConnector.php(21): Illuminate\\Database\\Connectors\\Connector->createConnection()
#3 E:\\Synerry-intern\\Synerry-test-shorten-url\\url-shortener\\vendor\\laravel\\framework\\src\\Illuminate\\Database\\Connectors\\ConnectionFactory.php(223): Illuminate\\Database\\Connectors\\SQLiteConnector->connect()
#4 [internal function]: Illuminate\\Database\\Connectors\\ConnectionFactory->Illuminate\\Database\\Connectors\\{closure}()
#5 E:\\Synerry-intern\\Synerry-test-shorten-url\\url-shortener\\vendor\\laravel\\framework\\src\\Illuminate\\Database\\Connection.php(1230): call_user_func()
#6 E:\\Synerry-intern\\Synerry-test-shorten-url\\url-shortener\\vendor\\laravel\\framework\\src\\Illuminate\\Database\\Connection.php(511): Illuminate\\Database\\Connection->getPdo()
#7 E:\\Synerry-intern\\Synerry-test-shorten-url\\url-shortener\\vendor\\laravel\\framework\\src\\Illuminate\\Database\\Connection.php(406): Illuminate\\Database\\Connection->getPdoForSelect()
#8 E:\\Synerry-intern\\Synerry-test-shorten-url\\url-shortener\\vendor\\laravel\\framework\\src\\Illuminate\\Database\\Connection.php(811): Illuminate\\Database\\Connection->Illuminate\\Database\\{closure}()
#9 E:\\Synerry-intern\\Synerry-test-shorten-url\\url-shortener\\vendor\\laravel\\framework\\src\\Illuminate\\Database\\Connection.php(778): Illuminate\\Database\\Connection->runQueryCallback()
#10 E:\\Synerry-intern\\Synerry-test-shorten-url\\url-shortener\\vendor\\laravel\\framework\\src\\Illuminate\\Database\\Connection.php(397): Illuminate\\Database\\Connection->run()
#11 E:\\Synerry-intern\\Synerry-test-shorten-url\\url-shortener\\vendor\\laravel\\framework\\src\\Illuminate\\Database\\Query\\Builder.php(3188): Illuminate\\Database\\Connection->select()
#12 E:\\Synerry-intern\\Synerry-test-shorten-url\\url-shortener\\vendor\\laravel\\framework\\src\\Illuminate\\Database\\Query\\Builder.php(3173): Illuminate\\Database\\Query\\Builder->runSelect()
#13 E:\\Synerry-intern\\Synerry-test-shorten-url\\url-shortener\\vendor\\laravel\\framework\\src\\Illuminate\\Database\\Query\\Builder.php(3763): Illuminate\\Database\\Query\\Builder->Illuminate\\Database\\Query\\{closure}()
#14 E:\\Synerry-intern\\Synerry-test-shorten-url\\url-shortener\\vendor\\laravel\\framework\\src\\Illuminate\\Database\\Query\\Builder.php(3172): Illuminate\\Database\\Query\\Builder->onceWithColumns()
#15 E:\\Synerry-intern\\Synerry-test-shorten-url\\url-shortener\\vendor\\laravel\\framework\\src\\Illuminate\\Database\\Concerns\\BuildsQueries.php(366): Illuminate\\Database\\Query\\Builder->get()
#16 E:\\Synerry-intern\\Synerry-test-shorten-url\\url-shortener\\vendor\\laravel\\framework\\src\\Illuminate\\Database\\Query\\Builder.php(3095): Illuminate\\Database\\Query\\Builder->first()
#17 E:\\Synerry-intern\\Synerry-test-shorten-url\\url-shortener\\vendor\\laravel\\framework\\src\\Illuminate\\Session\\DatabaseSessionHandler.php(96): Illuminate\\Database\\Query\\Builder->find()
#18 E:\\Synerry-intern\\Synerry-test-shorten-url\\url-shortener\\vendor\\laravel\\framework\\src\\Illuminate\\Session\\Store.php(117): Illuminate\\Session\\DatabaseSessionHandler->read()
#19 E:\\Synerry-intern\\Synerry-test-shorten-url\\url-shortener\\vendor\\laravel\\framework\\src\\Illuminate\\Session\\Store.php(105): Illuminate\\Session\\Store->readFromHandler()
#20 E:\\Synerry-intern\\Synerry-test-shorten-url\\url-shortener\\vendor\\laravel\\framework\\src\\Illuminate\\Session\\Store.php(89): Illuminate\\Session\\Store->loadSession()
#21 E:\\Synerry-intern\\Synerry-test-shorten-url\\url-shortener\\vendor\\laravel\\framework\\src\\Illuminate\\Session\\Middleware\\StartSession.php(146): Illuminate\\Session\\Store->start()
#22 E:\\Synerry-intern\\Synerry-test-shorten-url\\url-shortener\\vendor\\laravel\\framework\\src\\Illuminate\\Support\\helpers.php(390): Illuminate\\Session\\Middleware\\StartSession->Illuminate\\Session\\Middleware\\{closure}()
#23 E:\\Synerry-intern\\Synerry-test-shorten-url\\url-shortener\\vendor\\laravel\\framework\\src\\Illuminate\\Session\\Middleware\\StartSession.php(143): tap()
#24 E:\\Synerry-intern\\Synerry-test-shorten-url\\url-shortener\\vendor\\laravel\\framework\\src\\Illuminate\\Session\\Middleware\\StartSession.php(115): Illuminate\\Session\\Middleware\\StartSession->startSession()
#25 E:\\Synerry-intern\\Synerry-test-shorten-url\\url-shortener\\vendor\\laravel\\framework\\src\\Illuminate\\Session\\Middleware\\StartSession.php(63): Illuminate\\Session\\Middleware\\StartSession->handleStatefulRequest()
#26 E:\\Synerry-intern\\Synerry-test-shorten-url\\url-shortener\\vendor\\laravel\\framework\\src\\Illuminate\\Pipeline\\Pipeline.php(219): Illuminate\\Session\\Middleware\\StartSession->handle()
#27 E:\\Synerry-intern\\Synerry-test-shorten-url\\url-shortener\\vendor\\laravel\\framework\\src\\Illuminate\\Cookie\\Middleware\\AddQueuedCookiesToResponse.php(36): Illuminate\\Pipeline\\Pipeline->Illuminate\\Pipeline\\{closure}()
#28 E:\\Synerry-intern\\Synerry-test-shorten-url\\url-shortener\\vendor\\laravel\\framework\\src\\Illuminate\\Pipeline\\Pipeline.php(219): Illuminate\\Cookie\\Middleware\\AddQueuedCookiesToResponse->handle()
#29 E:\\Synerry-intern\\Synerry-test-shorten-url\\url-shortener\\vendor\\laravel\\framework\\src\\Illuminate\\Cookie\\Middleware\\EncryptCookies.php(74): Illuminate\\Pipeline\\Pipeline->Illuminate\\Pipeline\\{closure}()
#30 E:\\Synerry-intern\\Synerry-test-shorten-url\\url-shortener\\vendor\\laravel\\framework\\src\\Illuminate\\Pipeline\\Pipeline.php(219): Illuminate\\Cookie\\Middleware\\EncryptCookies->handle()
#31 E:\\Synerry-intern\\Synerry-test-shorten-url\\url-shortener\\vendor\\laravel\\framework\\src\\Illuminate\\Pipeline\\Pipeline.php(137): Illuminate\\Pipeline\\Pipeline->Illuminate\\Pipeline\\{closure}()
#32 E:\\Synerry-intern\\Synerry-test-shorten-url\\url-shortener\\vendor\\laravel\\framework\\src\\Illuminate\\Routing\\Router.php(821): Illuminate\\Pipeline\\Pipeline->then()
#33 E:\\Synerry-intern\\Synerry-test-shorten-url\\url-shortener\\vendor\\laravel\\framework\\src\\Illuminate\\Routing\\Router.php(800): Illuminate\\Routing\\Router->runRouteWithinStack()
#34 E:\\Synerry-intern\\Synerry-test-shorten-url\\url-shortener\\vendor\\laravel\\framework\\src\\Illuminate\\Routing\\Router.php(764): Illuminate\\Routing\\Router->runRoute()
#35 E:\\Synerry-intern\\Synerry-test-shorten-url\\url-shortener\\vendor\\laravel\\framework\\src\\Illuminate\\Routing\\Router.php(753): Illuminate\\Routing\\Router->dispatchToRoute()
#36 E:\\Synerry-intern\\Synerry-test-shorten-url\\url-shortener\\vendor\\laravel\\framework\\src\\Illuminate\\Foundation\\Http\\Kernel.php(200): Illuminate\\Routing\\Router->dispatch()
#37 E:\\Synerry-intern\\Synerry-test-shorten-url\\url-shortener\\vendor\\laravel\\framework\\src\\Illuminate\\Pipeline\\Pipeline.php(180): Illuminate\\Foundation\\Http\\Kernel->Illuminate\\Foundation\\Http\\{closure}()
#38 E:\\Synerry-intern\\Synerry-test-shorten-url\\url-shortener\\vendor\\laravel\\framework\\src\\Illuminate\\Foundation\\Http\\Middleware\\TransformsRequest.php(21): Illuminate\\Pipeline\\Pipeline->Illuminate\\Pipeline\\{closure}()
#39 E:\\Synerry-intern\\Synerry-test-shorten-url\\url-shortener\\vendor\\laravel\\framework\\src\\Illuminate\\Foundation\\Http\\Middleware\\ConvertEmptyStringsToNull.php(31): Illuminate\\Foundation\\Http\\Middleware\\TransformsRequest->handle()
#40 E:\\Synerry-intern\\Synerry-test-shorten-url\\url-shortener\\vendor\\laravel\\framework\\src\\Illuminate\\Pipeline\\Pipeline.php(219): Illuminate\\Foundation\\Http\\Middleware\\ConvertEmptyStringsToNull->handle()
#41 E:\\Synerry-intern\\Synerry-test-shorten-url\\url-shortener\\vendor\\laravel\\framework\\src\\Illuminate\\Foundation\\Http\\Middleware\\TransformsRequest.php(21): Illuminate\\Pipeline\\Pipeline->Illuminate\\Pipeline\\{closure}()
#42 E:\\Synerry-intern\\Synerry-test-shorten-url\\url-shortener\\vendor\\laravel\\framework\\src\\Illuminate\\Foundation\\Http\\Middleware\\TrimStrings.php(51): Illuminate\\Foundation\\Http\\Middleware\\TransformsRequest->handle()
#43 E:\\Synerry-intern\\Synerry-test-shorten-url\\url-shortener\\vendor\\laravel\\framework\\src\\Illuminate\\Pipeline\\Pipeline.php(219): Illuminate\\Foundation\\Http\\Middleware\\TrimStrings->handle()
#44 E:\\Synerry-intern\\Synerry-test-shorten-url\\url-shortener\\vendor\\laravel\\framework\\src\\Illuminate\\Http\\Middleware\\ValidatePostSize.php(27): Illuminate\\Pipeline\\Pipeline->Illuminate\\Pipeline\\{closure}()
#45 E:\\Synerry-intern\\Synerry-test-shorten-url\\url-shortener\\vendor\\laravel\\framework\\src\\Illuminate\\Pipeline\\Pipeline.php(219): Illuminate\\Http\\Middleware\\ValidatePostSize->handle()
#46 E:\\Synerry-intern\\Synerry-test-shorten-url\\url-shortener\\vendor\\laravel\\framework\\src\\Illuminate\\Foundation\\Http\\Middleware\\PreventRequestsDuringMaintenance.php(109): Illuminate\\Pipeline\\Pipeline->Illuminate\\Pipeline\\{closure}()
#47 E:\\Synerry-intern\\Synerry-test-shorten-url\\url-shortener\\vendor\\laravel\\framework\\src\\Illuminate\\Pipeline\\Pipeline.php(219): Illuminate\\Foundation\\Http\\Middleware\\PreventRequestsDuringMaintenance->handle()
#48 E:\\Synerry-intern\\Synerry-test-shorten-url\\url-shortener\\vendor\\laravel\\framework\\src\\Illuminate\\Http\\Middleware\\HandleCors.php(48): Illuminate\\Pipeline\\Pipeline->Illuminate\\Pipeline\\{closure}()
#49 E:\\Synerry-intern\\Synerry-test-shorten-url\\url-shortener\\vendor\\laravel\\framework\\src\\Illuminate\\Pipeline\\Pipeline.php(219): Illuminate\\Http\\Middleware\\HandleCors->handle()
#50 E:\\Synerry-intern\\Synerry-test-shorten-url\\url-shortener\\vendor\\laravel\\framework\\src\\Illuminate\\Http\\Middleware\\TrustProxies.php(58): Illuminate\\Pipeline\\Pipeline->Illuminate\\Pipeline\\{closure}()
#51 E:\\Synerry-intern\\Synerry-test-shorten-url\\url-shortener\\vendor\\laravel\\framework\\src\\Illuminate\\Pipeline\\Pipeline.php(219): Illuminate\\Http\\Middleware\\TrustProxies->handle()
#52 E:\\Synerry-intern\\Synerry-test-shorten-url\\url-shortener\\vendor\\laravel\\framework\\src\\Illuminate\\Foundation\\Http\\Middleware\\InvokeDeferredCallbacks.php(22): Illuminate\\Pipeline\\Pipeline->Illuminate\\Pipeline\\{closure}()
#53 E:\\Synerry-intern\\Synerry-test-shorten-url\\url-shortener\\vendor\\laravel\\framework\\src\\Illuminate\\Pipeline\\Pipeline.php(219): Illuminate\\Foundation\\Http\\Middleware\\InvokeDeferredCallbacks->handle()
#54 E:\\Synerry-intern\\Synerry-test-shorten-url\\url-shortener\\vendor\\laravel\\framework\\src\\Illuminate\\Http\\Middleware\\ValidatePathEncoding.php(26): Illuminate\\Pipeline\\Pipeline->Illuminate\\Pipeline\\{closure}()
#55 E:\\Synerry-intern\\Synerry-test-shorten-url\\url-shortener\\vendor\\laravel\\framework\\src\\Illuminate\\Pipeline\\Pipeline.php(219): Illuminate\\Http\\Middleware\\ValidatePathEncoding->handle()
#56 E:\\Synerry-intern\\Synerry-test-shorten-url\\url-shortener\\vendor\\laravel\\framework\\src\\Illuminate\\Pipeline\\Pipeline.php(137): Illuminate\\Pipeline\\Pipeline->Illuminate\\Pipeline\\{closure}()
#57 E:\\Synerry-intern\\Synerry-test-shorten-url\\url-shortener\\vendor\\laravel\\framework\\src\\Illuminate\\Foundation\\Http\\Kernel.php(175): Illuminate\\Pipeline\\Pipeline->then()
#58 E:\\Synerry-intern\\Synerry-test-shorten-url\\url-shortener\\vendor\\laravel\\framework\\src\\Illuminate\\Foundation\\Http\\Kernel.php(144): Illuminate\\Foundation\\Http\\Kernel->sendRequestThroughRouter()
#59 E:\\Synerry-intern\\Synerry-test-shorten-url\\url-shortener\\vendor\\laravel\\framework\\src\\Illuminate\\Foundation\\Application.php(1220): Illuminate\\Foundation\\Http\\Kernel->handle()
#60 E:\\Synerry-intern\\Synerry-test-shorten-url\\url-shortener\\public\\index.php(20): Illuminate\\Foundation\\Application->handleRequest()
#61 E:\\Synerry-intern\\Synerry-test-shorten-url\\url-shortener\\vendor\\laravel\\framework\\src\\Illuminate\\Foundation\\resources\\server.php(23): require_once('...')
#62 {main}
"} 
[2025-10-15 13:12:47] local.ERROR: SQLSTATE[HY000]: General error: 1 no such table: sessions (Connection: sqlite, SQL: select * from "sessions" where "id" = PPvMyfvaBdRjit1a9j1EpmCIYgloVj1FF1C7syHy limit 1) {"exception":"[object] (Illuminate\\Database\\QueryException(code: HY000): SQLSTATE[HY000]: General error: 1 no such table: sessions (Connection: sqlite, SQL: select * from \"sessions\" where \"id\" = PPvMyfvaBdRjit1a9j1EpmCIYgloVj1FF1C7syHy limit 1) at E:\\Synerry-intern\\Synerry-test-shorten-url\\url-shortener\\vendor\\laravel\\framework\\src\\Illuminate\\Database\\Connection.php:824)
[stacktrace]
#0 E:\\Synerry-intern\\Synerry-test-shorten-url\\url-shortener\\vendor\\laravel\\framework\\src\\Illuminate\\Database\\Connection.php(778): Illuminate\\Database\\Connection->runQueryCallback()
#1 E:\\Synerry-intern\\Synerry-test-shorten-url\\url-shortener\\vendor\\laravel\\framework\\src\\Illuminate\\Database\\Connection.php(397): Illuminate\\Database\\Connection->run()
#2 E:\\Synerry-intern\\Synerry-test-shorten-url\\url-shortener\\vendor\\laravel\\framework\\src\\Illuminate\\Database\\Query\\Builder.php(3188): Illuminate\\Database\\Connection->select()
#3 E:\\Synerry-intern\\Synerry-test-shorten-url\\url-shortener\\vendor\\laravel\\framework\\src\\Illuminate\\Database\\Query\\Builder.php(3173): Illuminate\\Database\\Query\\Builder->runSelect()
#4 E:\\Synerry-intern\\Synerry-test-shorten-url\\url-shortener\\vendor\\laravel\\framework\\src\\Illuminate\\Database\\Query\\Builder.php(3763): Illuminate\\Database\\Query\\Builder->Illuminate\\Database\\Query\\{closure}()
#5 E:\\Synerry-intern\\Synerry-test-shorten-url\\url-shortener\\vendor\\laravel\\framework\\src\\Illuminate\\Database\\Query\\Builder.php(3172): Illuminate\\Database\\Query\\Builder->onceWithColumns()
#6 E:\\Synerry-intern\\Synerry-test-shorten-url\\url-shortener\\vendor\\laravel\\framework\\src\\Illuminate\\Database\\Concerns\\BuildsQueries.php(366): Illuminate\\Database\\Query\\Builder->get()
#7 E:\\Synerry-intern\\Synerry-test-shorten-url\\url-shortener\\vendor\\laravel\\framework\\src\\Illuminate\\Database\\Query\\Builder.php(3095): Illuminate\\Database\\Query\\Builder->first()
#8 E:\\Synerry-intern\\Synerry-test-shorten-url\\url-shortener\\vendor\\laravel\\framework\\src\\Illuminate\\Session\\DatabaseSessionHandler.php(96): Illuminate\\Database\\Query\\Builder->find()
#9 E:\\Synerry-intern\\Synerry-test-shorten-url\\url-shortener\\vendor\\laravel\\framework\\src\\Illuminate\\Session\\Store.php(117): Illuminate\\Session\\DatabaseSessionHandler->read()
#10 E:\\Synerry-intern\\Synerry-test-shorten-url\\url-shortener\\vendor\\laravel\\framework\\src\\Illuminate\\Session\\Store.php(105): Illuminate\\Session\\Store->readFromHandler()
#11 E:\\Synerry-intern\\Synerry-test-shorten-url\\url-shortener\\vendor\\laravel\\framework\\src\\Illuminate\\Session\\Store.php(89): Illuminate\\Session\\Store->loadSession()
#12 E:\\Synerry-intern\\Synerry-test-shorten-url\\url-shortener\\vendor\\laravel\\framework\\src\\Illuminate\\Session\\Middleware\\StartSession.php(146): Illuminate\\Session\\Store->start()
#13 E:\\Synerry-intern\\Synerry-test-shorten-url\\url-shortener\\vendor\\laravel\\framework\\src\\Illuminate\\Support\\helpers.php(390): Illuminate\\Session\\Middleware\\StartSession->Illuminate\\Session\\Middleware\\{closure}()
#14 E:\\Synerry-intern\\Synerry-test-shorten-url\\url-shortener\\vendor\\laravel\\framework\\src\\Illuminate\\Session\\Middleware\\StartSession.php(143): tap()
#15 E:\\Synerry-intern\\Synerry-test-shorten-url\\url-shortener\\vendor\\laravel\\framework\\src\\Illuminate\\Session\\Middleware\\StartSession.php(115): Illuminate\\Session\\Middleware\\StartSession->startSession()
#16 E:\\Synerry-intern\\Synerry-test-shorten-url\\url-shortener\\vendor\\laravel\\framework\\src\\Illuminate\\Session\\Middleware\\StartSession.php(63): Illuminate\\Session\\Middleware\\StartSession->handleStatefulRequest()
#17 E:\\Synerry-intern\\Synerry-test-shorten-url\\url-shortener\\vendor\\laravel\\framework\\src\\Illuminate\\Pipeline\\Pipeline.php(219): Illuminate\\Session\\Middleware\\StartSession->handle()
#18 E:\\Synerry-intern\\Synerry-test-shorten-url\\url-shortener\\vendor\\laravel\\framework\\src\\Illuminate\\Cookie\\Middleware\\AddQueuedCookiesToResponse.php(36): Illuminate\\Pipeline\\Pipeline->Illuminate\\Pipeline\\{closure}()
#19 E:\\Synerry-intern\\Synerry-test-shorten-url\\url-shortener\\vendor\\laravel\\framework\\src\\Illuminate\\Pipeline\\Pipeline.php(219): Illuminate\\Cookie\\Middleware\\AddQueuedCookiesToResponse->handle()
#20 E:\\Synerry-intern\\Synerry-test-shorten-url\\url-shortener\\vendor\\laravel\\framework\\src\\Illuminate\\Cookie\\Middleware\\EncryptCookies.php(74): Illuminate\\Pipeline\\Pipeline->Illuminate\\Pipeline\\{closure}()
#21 E:\\Synerry-intern\\Synerry-test-shorten-url\\url-shortener\\vendor\\laravel\\framework\\src\\Illuminate\\Pipeline\\Pipeline.php(219): Illuminate\\Cookie\\Middleware\\EncryptCookies->handle()
#22 E:\\Synerry-intern\\Synerry-test-shorten-url\\url-shortener\\vendor\\laravel\\framework\\src\\Illuminate\\Pipeline\\Pipeline.php(137): Illuminate\\Pipeline\\Pipeline->Illuminate\\Pipeline\\{closure}()
#23 E:\\Synerry-intern\\Synerry-test-shorten-url\\url-shortener\\vendor\\laravel\\framework\\src\\Illuminate\\Routing\\Router.php(821): Illuminate\\Pipeline\\Pipeline->then()
#24 E:\\Synerry-intern\\Synerry-test-shorten-url\\url-shortener\\vendor\\laravel\\framework\\src\\Illuminate\\Routing\\Router.php(800): Illuminate\\Routing\\Router->runRouteWithinStack()
#25 E:\\Synerry-intern\\Synerry-test-shorten-url\\url-shortener\\vendor\\laravel\\framework\\src\\Illuminate\\Routing\\Router.php(764): Illuminate\\Routing\\Router->runRoute()
#26 E:\\Synerry-intern\\Synerry-test-shorten-url\\url-shortener\\vendor\\laravel\\framework\\src\\Illuminate\\Routing\\Router.php(753): Illuminate\\Routing\\Router->dispatchToRoute()
#27 E:\\Synerry-intern\\Synerry-test-shorten-url\\url-shortener\\vendor\\laravel\\framework\\src\\Illuminate\\Foundation\\Http\\Kernel.php(200): Illuminate\\Routing\\Router->dispatch()
#28 E:\\Synerry-intern\\Synerry-test-shorten-url\\url-shortener\\vendor\\laravel\\framework\\src\\Illuminate\\Pipeline\\Pipeline.php(180): Illuminate\\Foundation\\Http\\Kernel->Illuminate\\Foundation\\Http\\{closure}()
#29 E:\\Synerry-intern\\Synerry-test-shorten-url\\url-shortener\\vendor\\laravel\\framework\\src\\Illuminate\\Foundation\\Http\\Middleware\\TransformsRequest.php(21): Illuminate\\Pipeline\\Pipeline->Illuminate\\Pipeline\\{closure}()
#30 E:\\Synerry-intern\\Synerry-test-shorten-url\\url-shortener\\vendor\\laravel\\framework\\src\\Illuminate\\Foundation\\Http\\Middleware\\ConvertEmptyStringsToNull.php(31): Illuminate\\Foundation\\Http\\Middleware\\TransformsRequest->handle()
#31 E:\\Synerry-intern\\Synerry-test-shorten-url\\url-shortener\\vendor\\laravel\\framework\\src\\Illuminate\\Pipeline\\Pipeline.php(219): Illuminate\\Foundation\\Http\\Middleware\\ConvertEmptyStringsToNull->handle()
#32 E:\\Synerry-intern\\Synerry-test-shorten-url\\url-shortener\\vendor\\laravel\\framework\\src\\Illuminate\\Foundation\\Http\\Middleware\\TransformsRequest.php(21): Illuminate\\Pipeline\\Pipeline->Illuminate\\Pipeline\\{closure}()
#33 E:\\Synerry-intern\\Synerry-test-shorten-url\\url-shortener\\vendor\\laravel\\framework\\src\\Illuminate\\Foundation\\Http\\Middleware\\TrimStrings.php(51): Illuminate\\Foundation\\Http\\Middleware\\TransformsRequest->handle()
#34 E:\\Synerry-intern\\Synerry-test-shorten-url\\url-shortener\\vendor\\laravel\\framework\\src\\Illuminate\\Pipeline\\Pipeline.php(219): Illuminate\\Foundation\\Http\\Middleware\\TrimStrings->handle()
#35 E:\\Synerry-intern\\Synerry-test-shorten-url\\url-shortener\\vendor\\laravel\\framework\\src\\Illuminate\\Http\\Middleware\\ValidatePostSize.php(27): Illuminate\\Pipeline\\Pipeline->Illuminate\\Pipeline\\{closure}()
#36 E:\\Synerry-intern\\Synerry-test-shorten-url\\url-shortener\\vendor\\laravel\\framework\\src\\Illuminate\\Pipeline\\Pipeline.php(219): Illuminate\\Http\\Middleware\\ValidatePostSize->handle()
#37 E:\\Synerry-intern\\Synerry-test-shorten-url\\url-shortener\\vendor\\laravel\\framework\\src\\Illuminate\\Foundation\\Http\\Middleware\\PreventRequestsDuringMaintenance.php(109): Illuminate\\Pipeline\\Pipeline->Illuminate\\Pipeline\\{closure}()
#38 E:\\Synerry-intern\\Synerry-test-shorten-url\\url-shortener\\vendor\\laravel\\framework\\src\\Illuminate\\Pipeline\\Pipeline.php(219): Illuminate\\Foundation\\Http\\Middleware\\PreventRequestsDuringMaintenance->handle()
#39 E:\\Synerry-intern\\Synerry-test-shorten-url\\url-shortener\\vendor\\laravel\\framework\\src\\Illuminate\\Http\\Middleware\\HandleCors.php(48): Illuminate\\Pipeline\\Pipeline->Illuminate\\Pipeline\\{closure}()
#40 E:\\Synerry-intern\\Synerry-test-shorten-url\\url-shortener\\vendor\\laravel\\framework\\src\\Illuminate\\Pipeline\\Pipeline.php(219): Illuminate\\Http\\Middleware\\HandleCors->handle()
#41 E:\\Synerry-intern\\Synerry-test-shorten-url\\url-shortener\\vendor\\laravel\\framework\\src\\Illuminate\\Http\\Middleware\\TrustProxies.php(58): Illuminate\\Pipeline\\Pipeline->Illuminate\\Pipeline\\{closure}()
#42 E:\\Synerry-intern\\Synerry-test-shorten-url\\url-shortener\\vendor\\laravel\\framework\\src\\Illuminate\\Pipeline\\Pipeline.php(219): Illuminate\\Http\\Middleware\\TrustProxies->handle()
#43 E:\\Synerry-intern\\Synerry-test-shorten-url\\url-shortener\\vendor\\laravel\\framework\\src\\Illuminate\\Foundation\\Http\\Middleware\\InvokeDeferredCallbacks.php(22): Illuminate\\Pipeline\\Pipeline->Illuminate\\Pipeline\\{closure}()
#44 E:\\Synerry-intern\\Synerry-test-shorten-url\\url-shortener\\vendor\\laravel\\framework\\src\\Illuminate\\Pipeline\\Pipeline.php(219): Illuminate\\Foundation\\Http\\Middleware\\InvokeDeferredCallbacks->handle()
#45 E:\\Synerry-intern\\Synerry-test-shorten-url\\url-shortener\\vendor\\laravel\\framework\\src\\Illuminate\\Http\\Middleware\\ValidatePathEncoding.php(26): Illuminate\\Pipeline\\Pipeline->Illuminate\\Pipeline\\{closure}()
#46 E:\\Synerry-intern\\Synerry-test-shorten-url\\url-shortener\\vendor\\laravel\\framework\\src\\Illuminate\\Pipeline\\Pipeline.php(219): Illuminate\\Http\\Middleware\\ValidatePathEncoding->handle()
#47 E:\\Synerry-intern\\Synerry-test-shorten-url\\url-shortener\\vendor\\laravel\\framework\\src\\Illuminate\\Pipeline\\Pipeline.php(137): Illuminate\\Pipeline\\Pipeline->Illuminate\\Pipeline\\{closure}()
#48 E:\\Synerry-intern\\Synerry-test-shorten-url\\url-shortener\\vendor\\laravel\\framework\\src\\Illuminate\\Foundation\\Http\\Kernel.php(175): Illuminate\\Pipeline\\Pipeline->then()
#49 E:\\Synerry-intern\\Synerry-test-shorten-url\\url-shortener\\vendor\\laravel\\framework\\src\\Illuminate\\Foundation\\Http\\Kernel.php(144): Illuminate\\Foundation\\Http\\Kernel->sendRequestThroughRouter()
#50 E:\\Synerry-intern\\Synerry-test-shorten-url\\url-shortener\\vendor\\laravel\\framework\\src\\Illuminate\\Foundation\\Application.php(1220): Illuminate\\Foundation\\Http\\Kernel->handle()
#51 E:\\Synerry-intern\\Synerry-test-shorten-url\\url-shortener\\public\\index.php(20): Illuminate\\Foundation\\Application->handleRequest()
#52 E:\\Synerry-intern\\Synerry-test-shorten-url\\url-shortener\\vendor\\laravel\\framework\\src\\Illuminate\\Foundation\\resources\\server.php(23): require_once('...')
#53 {main}

[previous exception] [object] (PDOException(code: HY000): SQLSTATE[HY000]: General error: 1 no such table: sessions at E:\\Synerry-intern\\Synerry-test-shorten-url\\url-shortener\\vendor\\laravel\\framework\\src\\Illuminate\\Database\\Connection.php:406)
[stacktrace]
#0 E:\\Synerry-intern\\Synerry-test-shorten-url\\url-shortener\\vendor\\laravel\\framework\\src\\Illuminate\\Database\\Connection.php(406): PDO->prepare()
#1 E:\\Synerry-intern\\Synerry-test-shorten-url\\url-shortener\\vendor\\laravel\\framework\\src\\Illuminate\\Database\\Connection.php(811): Illuminate\\Database\\Connection->Illuminate\\Database\\{closure}()
#2 E:\\Synerry-intern\\Synerry-test-shorten-url\\url-shortener\\vendor\\laravel\\framework\\src\\Illuminate\\Database\\Connection.php(778): Illuminate\\Database\\Connection->runQueryCallback()
#3 E:\\Synerry-intern\\Synerry-test-shorten-url\\url-shortener\\vendor\\laravel\\framework\\src\\Illuminate\\Database\\Connection.php(397): Illuminate\\Database\\Connection->run()
#4 E:\\Synerry-intern\\Synerry-test-shorten-url\\url-shortener\\vendor\\laravel\\framework\\src\\Illuminate\\Database\\Query\\Builder.php(3188): Illuminate\\Database\\Connection->select()
#5 E:\\Synerry-intern\\Synerry-test-shorten-url\\url-shortener\\vendor\\laravel\\framework\\src\\Illuminate\\Database\\Query\\Builder.php(3173): Illuminate\\Database\\Query\\Builder->runSelect()
#6 E:\\Synerry-intern\\Synerry-test-shorten-url\\url-shortener\\vendor\\laravel\\framework\\src\\Illuminate\\Database\\Query\\Builder.php(3763): Illuminate\\Database\\Query\\Builder->Illuminate\\Database\\Query\\{closure}()
#7 E:\\Synerry-intern\\Synerry-test-shorten-url\\url-shortener\\vendor\\laravel\\framework\\src\\Illuminate\\Database\\Query\\Builder.php(3172): Illuminate\\Database\\Query\\Builder->onceWithColumns()
#8 E:\\Synerry-intern\\Synerry-test-shorten-url\\url-shortener\\vendor\\laravel\\framework\\src\\Illuminate\\Database\\Concerns\\BuildsQueries.php(366): Illuminate\\Database\\Query\\Builder->get()
#9 E:\\Synerry-intern\\Synerry-test-shorten-url\\url-shortener\\vendor\\laravel\\framework\\src\\Illuminate\\Database\\Query\\Builder.php(3095): Illuminate\\Database\\Query\\Builder->first()
#10 E:\\Synerry-intern\\Synerry-test-shorten-url\\url-shortener\\vendor\\laravel\\framework\\src\\Illuminate\\Session\\DatabaseSessionHandler.php(96): Illuminate\\Database\\Query\\Builder->find()
#11 E:\\Synerry-intern\\Synerry-test-shorten-url\\url-shortener\\vendor\\laravel\\framework\\src\\Illuminate\\Session\\Store.php(117): Illuminate\\Session\\DatabaseSessionHandler->read()
#12 E:\\Synerry-intern\\Synerry-test-shorten-url\\url-shortener\\vendor\\laravel\\framework\\src\\Illuminate\\Session\\Store.php(105): Illuminate\\Session\\Store->readFromHandler()
#13 E:\\Synerry-intern\\Synerry-test-shorten-url\\url-shortener\\vendor\\laravel\\framework\\src\\Illuminate\\Session\\Store.php(89): Illuminate\\Session\\Store->loadSession()
#14 E:\\Synerry-intern\\Synerry-test-shorten-url\\url-shortener\\vendor\\laravel\\framework\\src\\Illuminate\\Session\\Middleware\\StartSession.php(146): Illuminate\\Session\\Store->start()
#15 E:\\Synerry-intern\\Synerry-test-shorten-url\\url-shortener\\vendor\\laravel\\framework\\src\\Illuminate\\Support\\helpers.php(390): Illuminate\\Session\\Middleware\\StartSession->Illuminate\\Session\\Middleware\\{closure}()
#16 E:\\Synerry-intern\\Synerry-test-shorten-url\\url-shortener\\vendor\\laravel\\framework\\src\\Illuminate\\Session\\Middleware\\StartSession.php(143): tap()
#17 E:\\Synerry-intern\\Synerry-test-shorten-url\\url-shortener\\vendor\\laravel\\framework\\src\\Illuminate\\Session\\Middleware\\StartSession.php(115): Illuminate\\Session\\Middleware\\StartSession->startSession()
#18 E:\\Synerry-intern\\Synerry-test-shorten-url\\url-shortener\\vendor\\laravel\\framework\\src\\Illuminate\\Session\\Middleware\\StartSession.php(63): Illuminate\\Session\\Middleware\\StartSession->handleStatefulRequest()
#19 E:\\Synerry-intern\\Synerry-test-shorten-url\\url-shortener\\vendor\\laravel\\framework\\src\\Illuminate\\Pipeline\\Pipeline.php(219): Illuminate\\Session\\Middleware\\StartSession->handle()
#20 E:\\Synerry-intern\\Synerry-test-shorten-url\\url-shortener\\vendor\\laravel\\framework\\src\\Illuminate\\Cookie\\Middleware\\AddQueuedCookiesToResponse.php(36): Illuminate\\Pipeline\\Pipeline->Illuminate\\Pipeline\\{closure}()
#21 E:\\Synerry-intern\\Synerry-test-shorten-url\\url-shortener\\vendor\\laravel\\framework\\src\\Illuminate\\Pipeline\\Pipeline.php(219): Illuminate\\Cookie\\Middleware\\AddQueuedCookiesToResponse->handle()
#22 E:\\Synerry-intern\\Synerry-test-shorten-url\\url-shortener\\vendor\\laravel\\framework\\src\\Illuminate\\Cookie\\Middleware\\EncryptCookies.php(74): Illuminate\\Pipeline\\Pipeline->Illuminate\\Pipeline\\{closure}()
#23 E:\\Synerry-intern\\Synerry-test-shorten-url\\url-shortener\\vendor\\laravel\\framework\\src\\Illuminate\\Pipeline\\Pipeline.php(219): Illuminate\\Cookie\\Middleware\\EncryptCookies->handle()
#24 E:\\Synerry-intern\\Synerry-test-shorten-url\\url-shortener\\vendor\\laravel\\framework\\src\\Illuminate\\Pipeline\\Pipeline.php(137): Illuminate\\Pipeline\\Pipeline->Illuminate\\Pipeline\\{closure}()
#25 E:\\Synerry-intern\\Synerry-test-shorten-url\\url-shortener\\vendor\\laravel\\framework\\src\\Illuminate\\Routing\\Router.php(821): Illuminate\\Pipeline\\Pipeline->then()
#26 E:\\Synerry-intern\\Synerry-test-shorten-url\\url-shortener\\vendor\\laravel\\framework\\src\\Illuminate\\Routing\\Router.php(800): Illuminate\\Routing\\Router->runRouteWithinStack()
#27 E:\\Synerry-intern\\Synerry-test-shorten-url\\url-shortener\\vendor\\laravel\\framework\\src\\Illuminate\\Routing\\Router.php(764): Illuminate\\Routing\\Router->runRoute()
#28 E:\\Synerry-intern\\Synerry-test-shorten-url\\url-shortener\\vendor\\laravel\\framework\\src\\Illuminate\\Routing\\Router.php(753): Illuminate\\Routing\\Router->dispatchToRoute()
#29 E:\\Synerry-intern\\Synerry-test-shorten-url\\url-shortener\\vendor\\laravel\\framework\\src\\Illuminate\\Foundation\\Http\\Kernel.php(200): Illuminate\\Routing\\Router->dispatch()
#30 E:\\Synerry-intern\\Synerry-test-shorten-url\\url-shortener\\vendor\\laravel\\framework\\src\\Illuminate\\Pipeline\\Pipeline.php(180): Illuminate\\Foundation\\Http\\Kernel->Illuminate\\Foundation\\Http\\{closure}()
#31 E:\\Synerry-intern\\Synerry-test-shorten-url\\url-shortener\\vendor\\laravel\\framework\\src\\Illuminate\\Foundation\\Http\\Middleware\\TransformsRequest.php(21): Illuminate\\Pipeline\\Pipeline->Illuminate\\Pipeline\\{closure}()
#32 E:\\Synerry-intern\\Synerry-test-shorten-url\\url-shortener\\vendor\\laravel\\framework\\src\\Illuminate\\Foundation\\Http\\Middleware\\ConvertEmptyStringsToNull.php(31): Illuminate\\Foundation\\Http\\Middleware\\TransformsRequest->handle()
#33 E:\\Synerry-intern\\Synerry-test-shorten-url\\url-shortener\\vendor\\laravel\\framework\\src\\Illuminate\\Pipeline\\Pipeline.php(219): Illuminate\\Foundation\\Http\\Middleware\\ConvertEmptyStringsToNull->handle()
#34 E:\\Synerry-intern\\Synerry-test-shorten-url\\url-shortener\\vendor\\laravel\\framework\\src\\Illuminate\\Foundation\\Http\\Middleware\\TransformsRequest.php(21): Illuminate\\Pipeline\\Pipeline->Illuminate\\Pipeline\\{closure}()
#35 E:\\Synerry-intern\\Synerry-test-shorten-url\\url-shortener\\vendor\\laravel\\framework\\src\\Illuminate\\Foundation\\Http\\Middleware\\TrimStrings.php(51): Illuminate\\Foundation\\Http\\Middleware\\TransformsRequest->handle()
#36 E:\\Synerry-intern\\Synerry-test-shorten-url\\url-shortener\\vendor\\laravel\\framework\\src\\Illuminate\\Pipeline\\Pipeline.php(219): Illuminate\\Foundation\\Http\\Middleware\\TrimStrings->handle()
#37 E:\\Synerry-intern\\Synerry-test-shorten-url\\url-shortener\\vendor\\laravel\\framework\\src\\Illuminate\\Http\\Middleware\\ValidatePostSize.php(27): Illuminate\\Pipeline\\Pipeline->Illuminate\\Pipeline\\{closure}()
#38 E:\\Synerry-intern\\Synerry-test-shorten-url\\url-shortener\\vendor\\laravel\\framework\\src\\Illuminate\\Pipeline\\Pipeline.php(219): Illuminate\\Http\\Middleware\\ValidatePostSize->handle()
#39 E:\\Synerry-intern\\Synerry-test-shorten-url\\url-shortener\\vendor\\laravel\\framework\\src\\Illuminate\\Foundation\\Http\\Middleware\\PreventRequestsDuringMaintenance.php(109): Illuminate\\Pipeline\\Pipeline->Illuminate\\Pipeline\\{closure}()
#40 E:\\Synerry-intern\\Synerry-test-shorten-url\\url-shortener\\vendor\\laravel\\framework\\src\\Illuminate\\Pipeline\\Pipeline.php(219): Illuminate\\Foundation\\Http\\Middleware\\PreventRequestsDuringMaintenance->handle()
#41 E:\\Synerry-intern\\Synerry-test-shorten-url\\url-shortener\\vendor\\laravel\\framework\\src\\Illuminate\\Http\\Middleware\\HandleCors.php(48): Illuminate\\Pipeline\\Pipeline->Illuminate\\Pipeline\\{closure}()
#42 E:\\Synerry-intern\\Synerry-test-shorten-url\\url-shortener\\vendor\\laravel\\framework\\src\\Illuminate\\Pipeline\\Pipeline.php(219): Illuminate\\Http\\Middleware\\HandleCors->handle()
#43 E:\\Synerry-intern\\Synerry-test-shorten-url\\url-shortener\\vendor\\laravel\\framework\\src\\Illuminate\\Http\\Middleware\\TrustProxies.php(58): Illuminate\\Pipeline\\Pipeline->Illuminate\\Pipeline\\{closure}()
#44 E:\\Synerry-intern\\Synerry-test-shorten-url\\url-shortener\\vendor\\laravel\\framework\\src\\Illuminate\\Pipeline\\Pipeline.php(219): Illuminate\\Http\\Middleware\\TrustProxies->handle()
#45 E:\\Synerry-intern\\Synerry-test-shorten-url\\url-shortener\\vendor\\laravel\\framework\\src\\Illuminate\\Foundation\\Http\\Middleware\\InvokeDeferredCallbacks.php(22): Illuminate\\Pipeline\\Pipeline->Illuminate\\Pipeline\\{closure}()
#46 E:\\Synerry-intern\\Synerry-test-shorten-url\\url-shortener\\vendor\\laravel\\framework\\src\\Illuminate\\Pipeline\\Pipeline.php(219): Illuminate\\Foundation\\Http\\Middleware\\InvokeDeferredCallbacks->handle()
#47 E:\\Synerry-intern\\Synerry-test-shorten-url\\url-shortener\\vendor\\laravel\\framework\\src\\Illuminate\\Http\\Middleware\\ValidatePathEncoding.php(26): Illuminate\\Pipeline\\Pipeline->Illuminate\\Pipeline\\{closure}()
#48 E:\\Synerry-intern\\Synerry-test-shorten-url\\url-shortener\\vendor\\laravel\\framework\\src\\Illuminate\\Pipeline\\Pipeline.php(219): Illuminate\\Http\\Middleware\\ValidatePathEncoding->handle()
#49 E:\\Synerry-intern\\Synerry-test-shorten-url\\url-shortener\\vendor\\laravel\\framework\\src\\Illuminate\\Pipeline\\Pipeline.php(137): Illuminate\\Pipeline\\Pipeline->Illuminate\\Pipeline\\{closure}()
#50 E:\\Synerry-intern\\Synerry-test-shorten-url\\url-shortener\\vendor\\laravel\\framework\\src\\Illuminate\\Foundation\\Http\\Kernel.php(175): Illuminate\\Pipeline\\Pipeline->then()
#51 E:\\Synerry-intern\\Synerry-test-shorten-url\\url-shortener\\vendor\\laravel\\framework\\src\\Illuminate\\Foundation\\Http\\Kernel.php(144): Illuminate\\Foundation\\Http\\Kernel->sendRequestThroughRouter()
#52 E:\\Synerry-intern\\Synerry-test-shorten-url\\url-shortener\\vendor\\laravel\\framework\\src\\Illuminate\\Foundation\\Application.php(1220): Illuminate\\Foundation\\Http\\Kernel->handle()
#53 E:\\Synerry-intern\\Synerry-test-shorten-url\\url-shortener\\public\\index.php(20): Illuminate\\Foundation\\Application->handleRequest()
#54 E:\\Synerry-intern\\Synerry-test-shorten-url\\url-shortener\\vendor\\laravel\\framework\\src\\Illuminate\\Foundation\\resources\\server.php(23): require_once('...')
#55 {main}
"} 
[2025-10-15 13:22:32] local.ERROR: SQLSTATE[HY000]: General error: 1 no such table: sessions (Connection: sqlite, SQL: select * from "sessions" where "id" = 7ClNz8p54sz8EvprIMFAj2lsZLQxnMB3V5joAxmX limit 1) {"exception":"[object] (Illuminate\\Database\\QueryException(code: HY000): SQLSTATE[HY000]: General error: 1 no such table: sessions (Connection: sqlite, SQL: select * from \"sessions\" where \"id\" = 7ClNz8p54sz8EvprIMFAj2lsZLQxnMB3V5joAxmX limit 1) at E:\\Synerry-intern\\Synerry-test-shorten-url\\url-shortener\\vendor\\laravel\\framework\\src\\Illuminate\\Database\\Connection.php:824)
[stacktrace]
#0 E:\\Synerry-intern\\Synerry-test-shorten-url\\url-shortener\\vendor\\laravel\\framework\\src\\Illuminate\\Database\\Connection.php(778): Illuminate\\Database\\Connection->runQueryCallback()
#1 E:\\Synerry-intern\\Synerry-test-shorten-url\\url-shortener\\vendor\\laravel\\framework\\src\\Illuminate\\Database\\Connection.php(397): Illuminate\\Database\\Connection->run()
#2 E:\\Synerry-intern\\Synerry-test-shorten-url\\url-shortener\\vendor\\laravel\\framework\\src\\Illuminate\\Database\\Query\\Builder.php(3188): Illuminate\\Database\\Connection->select()
#3 E:\\Synerry-intern\\Synerry-test-shorten-url\\url-shortener\\vendor\\laravel\\framework\\src\\Illuminate\\Database\\Query\\Builder.php(3173): Illuminate\\Database\\Query\\Builder->runSelect()
#4 E:\\Synerry-intern\\Synerry-test-shorten-url\\url-shortener\\vendor\\laravel\\framework\\src\\Illuminate\\Database\\Query\\Builder.php(3763): Illuminate\\Database\\Query\\Builder->Illuminate\\Database\\Query\\{closure}()
#5 E:\\Synerry-intern\\Synerry-test-shorten-url\\url-shortener\\vendor\\laravel\\framework\\src\\Illuminate\\Database\\Query\\Builder.php(3172): Illuminate\\Database\\Query\\Builder->onceWithColumns()
#6 E:\\Synerry-intern\\Synerry-test-shorten-url\\url-shortener\\vendor\\laravel\\framework\\src\\Illuminate\\Database\\Concerns\\BuildsQueries.php(366): Illuminate\\Database\\Query\\Builder->get()
#7 E:\\Synerry-intern\\Synerry-test-shorten-url\\url-shortener\\vendor\\laravel\\framework\\src\\Illuminate\\Database\\Query\\Builder.php(3095): Illuminate\\Database\\Query\\Builder->first()
#8 E:\\Synerry-intern\\Synerry-test-shorten-url\\url-shortener\\vendor\\laravel\\framework\\src\\Illuminate\\Session\\DatabaseSessionHandler.php(96): Illuminate\\Database\\Query\\Builder->find()
#9 E:\\Synerry-intern\\Synerry-test-shorten-url\\url-shortener\\vendor\\laravel\\framework\\src\\Illuminate\\Session\\Store.php(117): Illuminate\\Session\\DatabaseSessionHandler->read()
#10 E:\\Synerry-intern\\Synerry-test-shorten-url\\url-shortener\\vendor\\laravel\\framework\\src\\Illuminate\\Session\\Store.php(105): Illuminate\\Session\\Store->readFromHandler()
#11 E:\\Synerry-intern\\Synerry-test-shorten-url\\url-shortener\\vendor\\laravel\\framework\\src\\Illuminate\\Session\\Store.php(89): Illuminate\\Session\\Store->loadSession()
#12 E:\\Synerry-intern\\Synerry-test-shorten-url\\url-shortener\\vendor\\laravel\\framework\\src\\Illuminate\\Session\\Middleware\\StartSession.php(146): Illuminate\\Session\\Store->start()
#13 E:\\Synerry-intern\\Synerry-test-shorten-url\\url-shortener\\vendor\\laravel\\framework\\src\\Illuminate\\Support\\helpers.php(390): Illuminate\\Session\\Middleware\\StartSession->Illuminate\\Session\\Middleware\\{closure}()
#14 E:\\Synerry-intern\\Synerry-test-shorten-url\\url-shortener\\vendor\\laravel\\framework\\src\\Illuminate\\Session\\Middleware\\StartSession.php(143): tap()
#15 E:\\Synerry-intern\\Synerry-test-shorten-url\\url-shortener\\vendor\\laravel\\framework\\src\\Illuminate\\Session\\Middleware\\StartSession.php(115): Illuminate\\Session\\Middleware\\StartSession->startSession()
#16 E:\\Synerry-intern\\Synerry-test-shorten-url\\url-shortener\\vendor\\laravel\\framework\\src\\Illuminate\\Session\\Middleware\\StartSession.php(63): Illuminate\\Session\\Middleware\\StartSession->handleStatefulRequest()
#17 E:\\Synerry-intern\\Synerry-test-shorten-url\\url-shortener\\vendor\\laravel\\framework\\src\\Illuminate\\Pipeline\\Pipeline.php(219): Illuminate\\Session\\Middleware\\StartSession->handle()
#18 E:\\Synerry-intern\\Synerry-test-shorten-url\\url-shortener\\vendor\\laravel\\framework\\src\\Illuminate\\Cookie\\Middleware\\AddQueuedCookiesToResponse.php(36): Illuminate\\Pipeline\\Pipeline->Illuminate\\Pipeline\\{closure}()
#19 E:\\Synerry-intern\\Synerry-test-shorten-url\\url-shortener\\vendor\\laravel\\framework\\src\\Illuminate\\Pipeline\\Pipeline.php(219): Illuminate\\Cookie\\Middleware\\AddQueuedCookiesToResponse->handle()
#20 E:\\Synerry-intern\\Synerry-test-shorten-url\\url-shortener\\vendor\\laravel\\framework\\src\\Illuminate\\Cookie\\Middleware\\EncryptCookies.php(74): Illuminate\\Pipeline\\Pipeline->Illuminate\\Pipeline\\{closure}()
#21 E:\\Synerry-intern\\Synerry-test-shorten-url\\url-shortener\\vendor\\laravel\\framework\\src\\Illuminate\\Pipeline\\Pipeline.php(219): Illuminate\\Cookie\\Middleware\\EncryptCookies->handle()
#22 E:\\Synerry-intern\\Synerry-test-shorten-url\\url-shortener\\vendor\\laravel\\framework\\src\\Illuminate\\Pipeline\\Pipeline.php(137): Illuminate\\Pipeline\\Pipeline->Illuminate\\Pipeline\\{closure}()
#23 E:\\Synerry-intern\\Synerry-test-shorten-url\\url-shortener\\vendor\\laravel\\framework\\src\\Illuminate\\Routing\\Router.php(821): Illuminate\\Pipeline\\Pipeline->then()
#24 E:\\Synerry-intern\\Synerry-test-shorten-url\\url-shortener\\vendor\\laravel\\framework\\src\\Illuminate\\Routing\\Router.php(800): Illuminate\\Routing\\Router->runRouteWithinStack()
#25 E:\\Synerry-intern\\Synerry-test-shorten-url\\url-shortener\\vendor\\laravel\\framework\\src\\Illuminate\\Routing\\Router.php(764): Illuminate\\Routing\\Router->runRoute()
#26 E:\\Synerry-intern\\Synerry-test-shorten-url\\url-shortener\\vendor\\laravel\\framework\\src\\Illuminate\\Routing\\Router.php(753): Illuminate\\Routing\\Router->dispatchToRoute()
#27 E:\\Synerry-intern\\Synerry-test-shorten-url\\url-shortener\\vendor\\laravel\\framework\\src\\Illuminate\\Foundation\\Http\\Kernel.php(200): Illuminate\\Routing\\Router->dispatch()
#28 E:\\Synerry-intern\\Synerry-test-shorten-url\\url-shortener\\vendor\\laravel\\framework\\src\\Illuminate\\Pipeline\\Pipeline.php(180): Illuminate\\Foundation\\Http\\Kernel->Illuminate\\Foundation\\Http\\{closure}()
#29 E:\\Synerry-intern\\Synerry-test-shorten-url\\url-shortener\\vendor\\laravel\\framework\\src\\Illuminate\\Foundation\\Http\\Middleware\\TransformsRequest.php(21): Illuminate\\Pipeline\\Pipeline->Illuminate\\Pipeline\\{closure}()
#30 E:\\Synerry-intern\\Synerry-test-shorten-url\\url-shortener\\vendor\\laravel\\framework\\src\\Illuminate\\Foundation\\Http\\Middleware\\ConvertEmptyStringsToNull.php(31): Illuminate\\Foundation\\Http\\Middleware\\TransformsRequest->handle()
#31 E:\\Synerry-intern\\Synerry-test-shorten-url\\url-shortener\\vendor\\laravel\\framework\\src\\Illuminate\\Pipeline\\Pipeline.php(219): Illuminate\\Foundation\\Http\\Middleware\\ConvertEmptyStringsToNull->handle()
#32 E:\\Synerry-intern\\Synerry-test-shorten-url\\url-shortener\\vendor\\laravel\\framework\\src\\Illuminate\\Foundation\\Http\\Middleware\\TransformsRequest.php(21): Illuminate\\Pipeline\\Pipeline->Illuminate\\Pipeline\\{closure}()
#33 E:\\Synerry-intern\\Synerry-test-shorten-url\\url-shortener\\vendor\\laravel\\framework\\src\\Illuminate\\Foundation\\Http\\Middleware\\TrimStrings.php(51): Illuminate\\Foundation\\Http\\Middleware\\TransformsRequest->handle()
#34 E:\\Synerry-intern\\Synerry-test-shorten-url\\url-shortener\\vendor\\laravel\\framework\\src\\Illuminate\\Pipeline\\Pipeline.php(219): Illuminate\\Foundation\\Http\\Middleware\\TrimStrings->handle()
#35 E:\\Synerry-intern\\Synerry-test-shorten-url\\url-shortener\\vendor\\laravel\\framework\\src\\Illuminate\\Http\\Middleware\\ValidatePostSize.php(27): Illuminate\\Pipeline\\Pipeline->Illuminate\\Pipeline\\{closure}()
#36 E:\\Synerry-intern\\Synerry-test-shorten-url\\url-shortener\\vendor\\laravel\\framework\\src\\Illuminate\\Pipeline\\Pipeline.php(219): Illuminate\\Http\\Middleware\\ValidatePostSize->handle()
#37 E:\\Synerry-intern\\Synerry-test-shorten-url\\url-shortener\\vendor\\laravel\\framework\\src\\Illuminate\\Foundation\\Http\\Middleware\\PreventRequestsDuringMaintenance.php(109): Illuminate\\Pipeline\\Pipeline->Illuminate\\Pipeline\\{closure}()
#38 E:\\Synerry-intern\\Synerry-test-shorten-url\\url-shortener\\vendor\\laravel\\framework\\src\\Illuminate\\Pipeline\\Pipeline.php(219): Illuminate\\Foundation\\Http\\Middleware\\PreventRequestsDuringMaintenance->handle()
#39 E:\\Synerry-intern\\Synerry-test-shorten-url\\url-shortener\\vendor\\laravel\\framework\\src\\Illuminate\\Http\\Middleware\\HandleCors.php(48): Illuminate\\Pipeline\\Pipeline->Illuminate\\Pipeline\\{closure}()
#40 E:\\Synerry-intern\\Synerry-test-shorten-url\\url-shortener\\vendor\\laravel\\framework\\src\\Illuminate\\Pipeline\\Pipeline.php(219): Illuminate\\Http\\Middleware\\HandleCors->handle()
#41 E:\\Synerry-intern\\Synerry-test-shorten-url\\url-shortener\\vendor\\laravel\\framework\\src\\Illuminate\\Http\\Middleware\\TrustProxies.php(58): Illuminate\\Pipeline\\Pipeline->Illuminate\\Pipeline\\{closure}()
#42 E:\\Synerry-intern\\Synerry-test-shorten-url\\url-shortener\\vendor\\laravel\\framework\\src\\Illuminate\\Pipeline\\Pipeline.php(219): Illuminate\\Http\\Middleware\\TrustProxies->handle()
#43 E:\\Synerry-intern\\Synerry-test-shorten-url\\url-shortener\\vendor\\laravel\\framework\\src\\Illuminate\\Foundation\\Http\\Middleware\\InvokeDeferredCallbacks.php(22): Illuminate\\Pipeline\\Pipeline->Illuminate\\Pipeline\\{closure}()
#44 E:\\Synerry-intern\\Synerry-test-shorten-url\\url-shortener\\vendor\\laravel\\framework\\src\\Illuminate\\Pipeline\\Pipeline.php(219): Illuminate\\Foundation\\Http\\Middleware\\InvokeDeferredCallbacks->handle()
#45 E:\\Synerry-intern\\Synerry-test-shorten-url\\url-shortener\\vendor\\laravel\\framework\\src\\Illuminate\\Http\\Middleware\\ValidatePathEncoding.php(26): Illuminate\\Pipeline\\Pipeline->Illuminate\\Pipeline\\{closure}()
#46 E:\\Synerry-intern\\Synerry-test-shorten-url\\url-shortener\\vendor\\laravel\\framework\\src\\Illuminate\\Pipeline\\Pipeline.php(219): Illuminate\\Http\\Middleware\\ValidatePathEncoding->handle()
#47 E:\\Synerry-intern\\Synerry-test-shorten-url\\url-shortener\\vendor\\laravel\\framework\\src\\Illuminate\\Pipeline\\Pipeline.php(137): Illuminate\\Pipeline\\Pipeline->Illuminate\\Pipeline\\{closure}()
#48 E:\\Synerry-intern\\Synerry-test-shorten-url\\url-shortener\\vendor\\laravel\\framework\\src\\Illuminate\\Foundation\\Http\\Kernel.php(175): Illuminate\\Pipeline\\Pipeline->then()
#49 E:\\Synerry-intern\\Synerry-test-shorten-url\\url-shortener\\vendor\\laravel\\framework\\src\\Illuminate\\Foundation\\Http\\Kernel.php(144): Illuminate\\Foundation\\Http\\Kernel->sendRequestThroughRouter()
#50 E:\\Synerry-intern\\Synerry-test-shorten-url\\url-shortener\\vendor\\laravel\\framework\\src\\Illuminate\\Foundation\\Application.php(1220): Illuminate\\Foundation\\Http\\Kernel->handle()
#51 E:\\Synerry-intern\\Synerry-test-shorten-url\\url-shortener\\public\\index.php(20): Illuminate\\Foundation\\Application->handleRequest()
#52 E:\\Synerry-intern\\Synerry-test-shorten-url\\url-shortener\\vendor\\laravel\\framework\\src\\Illuminate\\Foundation\\resources\\server.php(23): require_once('...')
#53 {main}

[previous exception] [object] (PDOException(code: HY000): SQLSTATE[HY000]: General error: 1 no such table: sessions at E:\\Synerry-intern\\Synerry-test-shorten-url\\url-shortener\\vendor\\laravel\\framework\\src\\Illuminate\\Database\\Connection.php:406)
[stacktrace]
#0 E:\\Synerry-intern\\Synerry-test-shorten-url\\url-shortener\\vendor\\laravel\\framework\\src\\Illuminate\\Database\\Connection.php(406): PDO->prepare()
#1 E:\\Synerry-intern\\Synerry-test-shorten-url\\url-shortener\\vendor\\laravel\\framework\\src\\Illuminate\\Database\\Connection.php(811): Illuminate\\Database\\Connection->Illuminate\\Database\\{closure}()
#2 E:\\Synerry-intern\\Synerry-test-shorten-url\\url-shortener\\vendor\\laravel\\framework\\src\\Illuminate\\Database\\Connection.php(778): Illuminate\\Database\\Connection->runQueryCallback()
#3 E:\\Synerry-intern\\Synerry-test-shorten-url\\url-shortener\\vendor\\laravel\\framework\\src\\Illuminate\\Database\\Connection.php(397): Illuminate\\Database\\Connection->run()
#4 E:\\Synerry-intern\\Synerry-test-shorten-url\\url-shortener\\vendor\\laravel\\framework\\src\\Illuminate\\Database\\Query\\Builder.php(3188): Illuminate\\Database\\Connection->select()
#5 E:\\Synerry-intern\\Synerry-test-shorten-url\\url-shortener\\vendor\\laravel\\framework\\src\\Illuminate\\Database\\Query\\Builder.php(3173): Illuminate\\Database\\Query\\Builder->runSelect()
#6 E:\\Synerry-intern\\Synerry-test-shorten-url\\url-shortener\\vendor\\laravel\\framework\\src\\Illuminate\\Database\\Query\\Builder.php(3763): Illuminate\\Database\\Query\\Builder->Illuminate\\Database\\Query\\{closure}()
#7 E:\\Synerry-intern\\Synerry-test-shorten-url\\url-shortener\\vendor\\laravel\\framework\\src\\Illuminate\\Database\\Query\\Builder.php(3172): Illuminate\\Database\\Query\\Builder->onceWithColumns()
#8 E:\\Synerry-intern\\Synerry-test-shorten-url\\url-shortener\\vendor\\laravel\\framework\\src\\Illuminate\\Database\\Concerns\\BuildsQueries.php(366): Illuminate\\Database\\Query\\Builder->get()
#9 E:\\Synerry-intern\\Synerry-test-shorten-url\\url-shortener\\vendor\\laravel\\framework\\src\\Illuminate\\Database\\Query\\Builder.php(3095): Illuminate\\Database\\Query\\Builder->first()
#10 E:\\Synerry-intern\\Synerry-test-shorten-url\\url-shortener\\vendor\\laravel\\framework\\src\\Illuminate\\Session\\DatabaseSessionHandler.php(96): Illuminate\\Database\\Query\\Builder->find()
#11 E:\\Synerry-intern\\Synerry-test-shorten-url\\url-shortener\\vendor\\laravel\\framework\\src\\Illuminate\\Session\\Store.php(117): Illuminate\\Session\\DatabaseSessionHandler->read()
#12 E:\\Synerry-intern\\Synerry-test-shorten-url\\url-shortener\\vendor\\laravel\\framework\\src\\Illuminate\\Session\\Store.php(105): Illuminate\\Session\\Store->readFromHandler()
#13 E:\\Synerry-intern\\Synerry-test-shorten-url\\url-shortener\\vendor\\laravel\\framework\\src\\Illuminate\\Session\\Store.php(89): Illuminate\\Session\\Store->loadSession()
#14 E:\\Synerry-intern\\Synerry-test-shorten-url\\url-shortener\\vendor\\laravel\\framework\\src\\Illuminate\\Session\\Middleware\\StartSession.php(146): Illuminate\\Session\\Store->start()
#15 E:\\Synerry-intern\\Synerry-test-shorten-url\\url-shortener\\vendor\\laravel\\framework\\src\\Illuminate\\Support\\helpers.php(390): Illuminate\\Session\\Middleware\\StartSession->Illuminate\\Session\\Middleware\\{closure}()
#16 E:\\Synerry-intern\\Synerry-test-shorten-url\\url-shortener\\vendor\\laravel\\framework\\src\\Illuminate\\Session\\Middleware\\StartSession.php(143): tap()
#17 E:\\Synerry-intern\\Synerry-test-shorten-url\\url-shortener\\vendor\\laravel\\framework\\src\\Illuminate\\Session\\Middleware\\StartSession.php(115): Illuminate\\Session\\Middleware\\StartSession->startSession()
#18 E:\\Synerry-intern\\Synerry-test-shorten-url\\url-shortener\\vendor\\laravel\\framework\\src\\Illuminate\\Session\\Middleware\\StartSession.php(63): Illuminate\\Session\\Middleware\\StartSession->handleStatefulRequest()
#19 E:\\Synerry-intern\\Synerry-test-shorten-url\\url-shortener\\vendor\\laravel\\framework\\src\\Illuminate\\Pipeline\\Pipeline.php(219): Illuminate\\Session\\Middleware\\StartSession->handle()
#20 E:\\Synerry-intern\\Synerry-test-shorten-url\\url-shortener\\vendor\\laravel\\framework\\src\\Illuminate\\Cookie\\Middleware\\AddQueuedCookiesToResponse.php(36): Illuminate\\Pipeline\\Pipeline->Illuminate\\Pipeline\\{closure}()
#21 E:\\Synerry-intern\\Synerry-test-shorten-url\\url-shortener\\vendor\\laravel\\framework\\src\\Illuminate\\Pipeline\\Pipeline.php(219): Illuminate\\Cookie\\Middleware\\AddQueuedCookiesToResponse->handle()
#22 E:\\Synerry-intern\\Synerry-test-shorten-url\\url-shortener\\vendor\\laravel\\framework\\src\\Illuminate\\Cookie\\Middleware\\EncryptCookies.php(74): Illuminate\\Pipeline\\Pipeline->Illuminate\\Pipeline\\{closure}()
#23 E:\\Synerry-intern\\Synerry-test-shorten-url\\url-shortener\\vendor\\laravel\\framework\\src\\Illuminate\\Pipeline\\Pipeline.php(219): Illuminate\\Cookie\\Middleware\\EncryptCookies->handle()
#24 E:\\Synerry-intern\\Synerry-test-shorten-url\\url-shortener\\vendor\\laravel\\framework\\src\\Illuminate\\Pipeline\\Pipeline.php(137): Illuminate\\Pipeline\\Pipeline->Illuminate\\Pipeline\\{closure}()
#25 E:\\Synerry-intern\\Synerry-test-shorten-url\\url-shortener\\vendor\\laravel\\framework\\src\\Illuminate\\Routing\\Router.php(821): Illuminate\\Pipeline\\Pipeline->then()
#26 E:\\Synerry-intern\\Synerry-test-shorten-url\\url-shortener\\vendor\\laravel\\framework\\src\\Illuminate\\Routing\\Router.php(800): Illuminate\\Routing\\Router->runRouteWithinStack()
#27 E:\\Synerry-intern\\Synerry-test-shorten-url\\url-shortener\\vendor\\laravel\\framework\\src\\Illuminate\\Routing\\Router.php(764): Illuminate\\Routing\\Router->runRoute()
#28 E:\\Synerry-intern\\Synerry-test-shorten-url\\url-shortener\\vendor\\laravel\\framework\\src\\Illuminate\\Routing\\Router.php(753): Illuminate\\Routing\\Router->dispatchToRoute()
#29 E:\\Synerry-intern\\Synerry-test-shorten-url\\url-shortener\\vendor\\laravel\\framework\\src\\Illuminate\\Foundation\\Http\\Kernel.php(200): Illuminate\\Routing\\Router->dispatch()
#30 E:\\Synerry-intern\\Synerry-test-shorten-url\\url-shortener\\vendor\\laravel\\framework\\src\\Illuminate\\Pipeline\\Pipeline.php(180): Illuminate\\Foundation\\Http\\Kernel->Illuminate\\Foundation\\Http\\{closure}()
#31 E:\\Synerry-intern\\Synerry-test-shorten-url\\url-shortener\\vendor\\laravel\\framework\\src\\Illuminate\\Foundation\\Http\\Middleware\\TransformsRequest.php(21): Illuminate\\Pipeline\\Pipeline->Illuminate\\Pipeline\\{closure}()
#32 E:\\Synerry-intern\\Synerry-test-shorten-url\\url-shortener\\vendor\\laravel\\framework\\src\\Illuminate\\Foundation\\Http\\Middleware\\ConvertEmptyStringsToNull.php(31): Illuminate\\Foundation\\Http\\Middleware\\TransformsRequest->handle()
#33 E:\\Synerry-intern\\Synerry-test-shorten-url\\url-shortener\\vendor\\laravel\\framework\\src\\Illuminate\\Pipeline\\Pipeline.php(219): Illuminate\\Foundation\\Http\\Middleware\\ConvertEmptyStringsToNull->handle()
#34 E:\\Synerry-intern\\Synerry-test-shorten-url\\url-shortener\\vendor\\laravel\\framework\\src\\Illuminate\\Foundation\\Http\\Middleware\\TransformsRequest.php(21): Illuminate\\Pipeline\\Pipeline->Illuminate\\Pipeline\\{closure}()
#35 E:\\Synerry-intern\\Synerry-test-shorten-url\\url-shortener\\vendor\\laravel\\framework\\src\\Illuminate\\Foundation\\Http\\Middleware\\TrimStrings.php(51): Illuminate\\Foundation\\Http\\Middleware\\TransformsRequest->handle()
#36 E:\\Synerry-intern\\Synerry-test-shorten-url\\url-shortener\\vendor\\laravel\\framework\\src\\Illuminate\\Pipeline\\Pipeline.php(219): Illuminate\\Foundation\\Http\\Middleware\\TrimStrings->handle()
#37 E:\\Synerry-intern\\Synerry-test-shorten-url\\url-shortener\\vendor\\laravel\\framework\\src\\Illuminate\\Http\\Middleware\\ValidatePostSize.php(27): Illuminate\\Pipeline\\Pipeline->Illuminate\\Pipeline\\{closure}()
#38 E:\\Synerry-intern\\Synerry-test-shorten-url\\url-shortener\\vendor\\laravel\\framework\\src\\Illuminate\\Pipeline\\Pipeline.php(219): Illuminate\\Http\\Middleware\\ValidatePostSize->handle()
#39 E:\\Synerry-intern\\Synerry-test-shorten-url\\url-shortener\\vendor\\laravel\\framework\\src\\Illuminate\\Foundation\\Http\\Middleware\\PreventRequestsDuringMaintenance.php(109): Illuminate\\Pipeline\\Pipeline->Illuminate\\Pipeline\\{closure}()
#40 E:\\Synerry-intern\\Synerry-test-shorten-url\\url-shortener\\vendor\\laravel\\framework\\src\\Illuminate\\Pipeline\\Pipeline.php(219): Illuminate\\Foundation\\Http\\Middleware\\PreventRequestsDuringMaintenance->handle()
#41 E:\\Synerry-intern\\Synerry-test-shorten-url\\url-shortener\\vendor\\laravel\\framework\\src\\Illuminate\\Http\\Middleware\\HandleCors.php(48): Illuminate\\Pipeline\\Pipeline->Illuminate\\Pipeline\\{closure}()
#42 E:\\Synerry-intern\\Synerry-test-shorten-url\\url-shortener\\vendor\\laravel\\framework\\src\\Illuminate\\Pipeline\\Pipeline.php(219): Illuminate\\Http\\Middleware\\HandleCors->handle()
#43 E:\\Synerry-intern\\Synerry-test-shorten-url\\url-shortener\\vendor\\laravel\\framework\\src\\Illuminate\\Http\\Middleware\\TrustProxies.php(58): Illuminate\\Pipeline\\Pipeline->Illuminate\\Pipeline\\{closure}()
#44 E:\\Synerry-intern\\Synerry-test-shorten-url\\url-shortener\\vendor\\laravel\\framework\\src\\Illuminate\\Pipeline\\Pipeline.php(219): Illuminate\\Http\\Middleware\\TrustProxies->handle()
#45 E:\\Synerry-intern\\Synerry-test-shorten-url\\url-shortener\\vendor\\laravel\\framework\\src\\Illuminate\\Foundation\\Http\\Middleware\\InvokeDeferredCallbacks.php(22): Illuminate\\Pipeline\\Pipeline->Illuminate\\Pipeline\\{closure}()
#46 E:\\Synerry-intern\\Synerry-test-shorten-url\\url-shortener\\vendor\\laravel\\framework\\src\\Illuminate\\Pipeline\\Pipeline.php(219): Illuminate\\Foundation\\Http\\Middleware\\InvokeDeferredCallbacks->handle()
#47 E:\\Synerry-intern\\Synerry-test-shorten-url\\url-shortener\\vendor\\laravel\\framework\\src\\Illuminate\\Http\\Middleware\\ValidatePathEncoding.php(26): Illuminate\\Pipeline\\Pipeline->Illuminate\\Pipeline\\{closure}()
#48 E:\\Synerry-intern\\Synerry-test-shorten-url\\url-shortener\\vendor\\laravel\\framework\\src\\Illuminate\\Pipeline\\Pipeline.php(219): Illuminate\\Http\\Middleware\\ValidatePathEncoding->handle()
#49 E:\\Synerry-intern\\Synerry-test-shorten-url\\url-shortener\\vendor\\laravel\\framework\\src\\Illuminate\\Pipeline\\Pipeline.php(137): Illuminate\\Pipeline\\Pipeline->Illuminate\\Pipeline\\{closure}()
#50 E:\\Synerry-intern\\Synerry-test-shorten-url\\url-shortener\\vendor\\laravel\\framework\\src\\Illuminate\\Foundation\\Http\\Kernel.php(175): Illuminate\\Pipeline\\Pipeline->then()
#51 E:\\Synerry-intern\\Synerry-test-shorten-url\\url-shortener\\vendor\\laravel\\framework\\src\\Illuminate\\Foundation\\Http\\Kernel.php(144): Illuminate\\Foundation\\Http\\Kernel->sendRequestThroughRouter()
#52 E:\\Synerry-intern\\Synerry-test-shorten-url\\url-shortener\\vendor\\laravel\\framework\\src\\Illuminate\\Foundation\\Application.php(1220): Illuminate\\Foundation\\Http\\Kernel->handle()
#53 E:\\Synerry-intern\\Synerry-test-shorten-url\\url-shortener\\public\\index.php(20): Illuminate\\Foundation\\Application->handleRequest()
#54 E:\\Synerry-intern\\Synerry-test-shorten-url\\url-shortener\\vendor\\laravel\\framework\\src\\Illuminate\\Foundation\\resources\\server.php(23): require_once('...')
#55 {main}
"} 
[2025-10-15 13:25:01] production.ERROR: file_get_contents(E:\Synerry-intern\Synerry-test-shorten-url\url-shortener\.env): Failed to open stream: No such file or directory {"exception":"[object] (ErrorException(code: 0): file_get_contents(E:\\Synerry-intern\\Synerry-test-shorten-url\\url-shortener\\.env): Failed to open stream: No such file or directory at E:\\Synerry-intern\\Synerry-test-shorten-url\\url-shortener\\vendor\\laravel\\framework\\src\\Illuminate\\Foundation\\Console\\KeyGenerateCommand.php:100)
[stacktrace]
#0 E:\\Synerry-intern\\Synerry-test-shorten-url\\url-shortener\\vendor\\laravel\\framework\\src\\Illuminate\\Foundation\\Bootstrap\\HandleExceptions.php(258): Illuminate\\Foundation\\Bootstrap\\HandleExceptions->handleError()
#1 [internal function]: Illuminate\\Foundation\\Bootstrap\\HandleExceptions->Illuminate\\Foundation\\Bootstrap\\{closure}()
#2 E:\\Synerry-intern\\Synerry-test-shorten-url\\url-shortener\\vendor\\laravel\\framework\\src\\Illuminate\\Foundation\\Console\\KeyGenerateCommand.php(100): file_get_contents()
#3 E:\\Synerry-intern\\Synerry-test-shorten-url\\url-shortener\\vendor\\laravel\\framework\\src\\Illuminate\\Foundation\\Console\\KeyGenerateCommand.php(82): Illuminate\\Foundation\\Console\\KeyGenerateCommand->writeNewEnvironmentFileWith()
#4 E:\\Synerry-intern\\Synerry-test-shorten-url\\url-shortener\\vendor\\laravel\\framework\\src\\Illuminate\\Foundation\\Console\\KeyGenerateCommand.php(47): Illuminate\\Foundation\\Console\\KeyGenerateCommand->setKeyInEnvironmentFile()
#5 E:\\Synerry-intern\\Synerry-test-shorten-url\\url-shortener\\vendor\\laravel\\framework\\src\\Illuminate\\Container\\BoundMethod.php(36): Illuminate\\Foundation\\Console\\KeyGenerateCommand->handle()
#6 E:\\Synerry-intern\\Synerry-test-shorten-url\\url-shortener\\vendor\\laravel\\framework\\src\\Illuminate\\Container\\Util.php(43): Illuminate\\Container\\BoundMethod::Illuminate\\Container\\{closure}()
#7 E:\\Synerry-intern\\Synerry-test-shorten-url\\url-shortener\\vendor\\laravel\\framework\\src\\Illuminate\\Container\\BoundMethod.php(96): Illuminate\\Container\\Util::unwrapIfClosure()
#8 E:\\Synerry-intern\\Synerry-test-shorten-url\\url-shortener\\vendor\\laravel\\framework\\src\\Illuminate\\Container\\BoundMethod.php(35): Illuminate\\Container\\BoundMethod::callBoundMethod()
#9 E:\\Synerry-intern\\Synerry-test-shorten-url\\url-shortener\\vendor\\laravel\\framework\\src\\Illuminate\\Container\\Container.php(836): Illuminate\\Container\\BoundMethod::call()
#10 E:\\Synerry-intern\\Synerry-test-shorten-url\\url-shortener\\vendor\\laravel\\framework\\src\\Illuminate\\Console\\Command.php(211): Illuminate\\Container\\Container->call()
#11 E:\\Synerry-intern\\Synerry-test-shorten-url\\url-shortener\\vendor\\symfony\\console\\Command\\Command.php(318): Illuminate\\Console\\Command->execute()
#12 E:\\Synerry-intern\\Synerry-test-shorten-url\\url-shortener\\vendor\\laravel\\framework\\src\\Illuminate\\Console\\Command.php(180): Symfony\\Component\\Console\\Command\\Command->run()
#13 E:\\Synerry-intern\\Synerry-test-shorten-url\\url-shortener\\vendor\\symfony\\console\\Application.php(1110): Illuminate\\Console\\Command->run()
#14 E:\\Synerry-intern\\Synerry-test-shorten-url\\url-shortener\\vendor\\symfony\\console\\Application.php(359): Symfony\\Component\\Console\\Application->doRunCommand()
#15 E:\\Synerry-intern\\Synerry-test-shorten-url\\url-shortener\\vendor\\symfony\\console\\Application.php(194): Symfony\\Component\\Console\\Application->doRun()
#16 E:\\Synerry-intern\\Synerry-test-shorten-url\\url-shortener\\vendor\\laravel\\framework\\src\\Illuminate\\Foundation\\Console\\Kernel.php(197): Symfony\\Component\\Console\\Application->run()
#17 E:\\Synerry-intern\\Synerry-test-shorten-url\\url-shortener\\vendor\\laravel\\framework\\src\\Illuminate\\Foundation\\Application.php(1235): Illuminate\\Foundation\\Console\\Kernel->handle()
#18 E:\\Synerry-intern\\Synerry-test-shorten-url\\url-shortener\\artisan(16): Illuminate\\Foundation\\Application->handleCommand()
#19 {main}
"} 
[2025-10-15 13:25:15] local.ERROR: Command "env:set" is not defined.

Did you mean one of these?
    auth:clear-resets
    env
    env:decrypt
    env:encrypt
    migrate:reset {"exception":"[object] (Symfony\\Component\\Console\\Exception\\CommandNotFoundException(code: 0): Command \"env:set\" is not defined.

Did you mean one of these?
    auth:clear-resets
    env
    env:decrypt
    env:encrypt
    migrate:reset at E:\\Synerry-intern\\Synerry-test-shorten-url\\url-shortener\\vendor\\symfony\\console\\Application.php:743)
[stacktrace]
#0 E:\\Synerry-intern\\Synerry-test-shorten-url\\url-shortener\\vendor\\symfony\\console\\Application.php(301): Symfony\\Component\\Console\\Application->find()
#1 E:\\Synerry-intern\\Synerry-test-shorten-url\\url-shortener\\vendor\\symfony\\console\\Application.php(194): Symfony\\Component\\Console\\Application->doRun()
#2 E:\\Synerry-intern\\Synerry-test-shorten-url\\url-shortener\\vendor\\laravel\\framework\\src\\Illuminate\\Foundation\\Console\\Kernel.php(197): Symfony\\Component\\Console\\Application->run()
#3 E:\\Synerry-intern\\Synerry-test-shorten-url\\url-shortener\\vendor\\laravel\\framework\\src\\Illuminate\\Foundation\\Application.php(1235): Illuminate\\Foundation\\Console\\Kernel->handle()
#4 E:\\Synerry-intern\\Synerry-test-shorten-url\\url-shortener\\artisan(16): Illuminate\\Foundation\\Application->handleCommand()
#5 {main}
"} 
